Virtual User Script started at: 20.01.2023 21:18:16
Starting action vuser_init.
Web Turbo Replay of LoadRunner 2021.0.0 for Windows 10; build 430 (џэт 05 2021 19:27:22)  	[MsgId: MMSG-26983]
Run mode: HTML  	[MsgId: MMSG-26993]
Replay user agent: Mozilla/5.0 (compatible; MSIE 10.0; Windows NT 6.1; Trident/6.0)  	[MsgId: MMSG-26988]
Runtime Settings file: "D:\PFLB_Project\ScriptsAnton\UC04_Add_to_cart\\default.cfg"  	[MsgId: MMSG-27141]
Ending action vuser_init.
Running Vuser...
Starting iteration 1.
Maximum number of concurrent connections per server: 6  	[MsgId: MMSG-26989]
Starting action Action.
Action.c(3): Notify: Transaction "UC04_Add_to_cart" started.
Action.c(4): web_set_sockets_option started  	[MsgId: MMSG-26355]
Action.c(4): web_set_sockets_option was successful  	[MsgId: MMSG-26392]
Action.c(6): web_set_user started  	[MsgId: MMSG-26355]
Action.c(6): web_set_user was successful  	[MsgId: MMSG-26392]
Action.c(10): web_add_cookie started  	[MsgId: MMSG-26355]
Action.c(10): web_add_cookie was successful  	[MsgId: MMSG-26392]
Action.c(12): web_add_cookie started  	[MsgId: MMSG-26355]
Action.c(12): web_add_cookie was successful  	[MsgId: MMSG-26392]
Action.c(14): web_add_cookie started  	[MsgId: MMSG-26355]
Action.c(14): web_add_cookie was successful  	[MsgId: MMSG-26392]
Action.c(16): web_url("advantageonlineshopping.com") started  	[MsgId: MMSG-26355]
Action.c(16): Found resource "http://lt-dev.pflb.ru:8080/css/main.min.css" in HTML "http://lt-dev.pflb.ru:8080"  	[MsgId: MMSG-26659]
Action.c(16): Found resource "http://lt-dev.pflb.ru:8080/css/images/Down_arrow.svg" in HTML "http://lt-dev.pflb.ru:8080"  	[MsgId: MMSG-26659]
Action.c(16): Downloading resource "http://lt-dev.pflb.ru:8080/css/fonts/roboto_regular_macroman/Roboto-Regular-webfont.eot?" (specified by argument number 10)  	[MsgId: MMSG-26577]
Action.c(16): Downloading resource "http://lt-dev.pflb.ru:8080/css/fonts/roboto_light_macroman/Roboto-Light-webfont.eot?" (specified by argument number 12)  	[MsgId: MMSG-26577]
Action.c(16): Downloading resource "http://lt-dev.pflb.ru:8080/main.min.js" (specified by argument number 14)  	[MsgId: MMSG-26577]
Action.c(16): Downloading resource "http://lt-dev.pflb.ru:8080/css/images/logo.png" (specified by argument number 16)  	[MsgId: MMSG-26577]
Action.c(16): Downloading resource "http://lt-dev.pflb.ru:8080/css/fonts/roboto_medium_macroman/Roboto-Medium-webfont.eot?" (specified by argument number 18)  	[MsgId: MMSG-26577]
Action.c(16): Downloading resource "http://lt-dev.pflb.ru:8080/css/images/closeDark.png" (specified by argument number 20)  	[MsgId: MMSG-26577]
Action.c(16): Downloading resource "http://lt-dev.pflb.ru:8080/services.properties" (specified by argument number 22)  	[MsgId: MMSG-26577]
Action.c(16): Downloading resource "http://lt-dev.pflb.ru:8080/css/fonts/roboto_bold_macroman/Roboto-Bold-webfont.eot?" (specified by argument number 24)  	[MsgId: MMSG-26577]
Action.c(16): Downloading resource "http://lt-dev.pflb.ru:8080/css/images/FacebookLogo.png" (specified by argument number 26)  	[MsgId: MMSG-26577]
Action.c(16): Downloading resource "http://lt-dev.pflb.ru:8080/css/images/Special-offer.jpg" (specified by argument number 28)  	[MsgId: MMSG-26577]
Action.c(16): Downloading resource "http://lt-dev.pflb.ru:8080/css/images/facebook.png" (specified by argument number 30)  	[MsgId: MMSG-26577]
Action.c(16): Downloading resource "http://lt-dev.pflb.ru:8080/css/images/GoUp.png" (specified by argument number 32)  	[MsgId: MMSG-26577]
Action.c(16): Downloading resource "http://lt-dev.pflb.ru:8080/css/fonts/roboto_thin_macroman/Roboto-Thin-webfont.eot?" (specified by argument number 34)  	[MsgId: MMSG-26577]
Action.c(16): Downloading resource "http://lt-dev.pflb.ru:8080/css/images/Banner1.jpg" (specified by argument number 36)  	[MsgId: MMSG-26577]
Action.c(16): Downloading resource "http://lt-dev.pflb.ru:8080/css/images/Banner2.jpg" (specified by argument number 38)  	[MsgId: MMSG-26577]
Action.c(16): Downloading resource "http://lt-dev.pflb.ru:8080/css/images/Banner3.jpg" (specified by argument number 40)  	[MsgId: MMSG-26577]
Action.c(16): Downloading resource "http://lt-dev.pflb.ru:8080/css/images/Popular-item3.jpg" (specified by argument number 42)  	[MsgId: MMSG-26577]
Action.c(16): Downloading resource "http://lt-dev.pflb.ru:8080/catalog/fetchImage?image_id=tablets" (specified by argument number 44)  	[MsgId: MMSG-26577]
Action.c(16): Downloading resource "http://lt-dev.pflb.ru:8080/catalog/fetchImage?image_id=mice" (specified by argument number 46)  	[MsgId: MMSG-26577]
Action.c(16): Downloading resource "http://lt-dev.pflb.ru:8080/catalog/fetchImage?image_id=laptops" (specified by argument number 48)  	[MsgId: MMSG-26577]
Action.c(16): Downloading resource "http://lt-dev.pflb.ru:8080/css/images/twitter.png" (specified by argument number 50)  	[MsgId: MMSG-26577]
Action.c(16): Downloading resource "http://lt-dev.pflb.ru:8080/catalog/fetchImage?image_id=headphones" (specified by argument number 52)  	[MsgId: MMSG-26577]
Action.c(16): Downloading resource "http://lt-dev.pflb.ru:8080/css/images/linkedin.png" (specified by argument number 54)  	[MsgId: MMSG-26577]
Action.c(16): Downloading resource "http://lt-dev.pflb.ru:8080/catalog/fetchImage?image_id=speakers" (specified by argument number 56)  	[MsgId: MMSG-26577]
Action.c(16): Downloading resource "http://lt-dev.pflb.ru:8080/css/images/Popular-item1.jpg" (specified by argument number 58)  	[MsgId: MMSG-26577]
Action.c(16): Downloading resource "http://lt-dev.pflb.ru:8080/css/images/arrow_right.png" (specified by argument number 60)  	[MsgId: MMSG-26577]
Action.c(16): Downloading resource "http://lt-dev.pflb.ru:8080/css/images/Popular-item2.jpg" (specified by argument number 62)  	[MsgId: MMSG-26577]
Action.c(16): Downloading resource "http://lt-dev.pflb.ru:8080/css/images/Filter.png" (specified by argument number 64)  	[MsgId: MMSG-26577]
Action.c(16): Downloading resource "http://lt-dev.pflb.ru:8080/catalog/fetchImage?image_id=4200" (specified by argument number 66)  	[MsgId: MMSG-26577]
Action.c(16): Downloading resource "http://lt-dev.pflb.ru:8080/catalog/fetchImage?image_id=4500" (specified by argument number 68)  	[MsgId: MMSG-26577]
Action.c(16): Downloading resource "http://lt-dev.pflb.ru:8080/catalog/fetchImage?image_id=4300" (specified by argument number 70)  	[MsgId: MMSG-26577]
Action.c(16): Downloading resource "http://lt-dev.pflb.ru:8080/catalog/fetchImage?image_id=4600" (specified by argument number 72)  	[MsgId: MMSG-26577]
Action.c(16): Downloading resource "http://lt-dev.pflb.ru:8080/catalog/fetchImage?image_id=4100" (specified by argument number 74)  	[MsgId: MMSG-26577]
Action.c(16): Downloading resource "http://lt-dev.pflb.ru:8080/catalog/fetchImage?image_id=4700" (specified by argument number 76)  	[MsgId: MMSG-26577]
Action.c(16): Downloading resource "http://lt-dev.pflb.ru:8080/catalog/fetchImage?image_id=4400" (specified by argument number 78)  	[MsgId: MMSG-26577]
Action.c(16): Downloading resource "http://lt-dev.pflb.ru:8080/css/images/category_banner_4.png" (specified by argument number 80)  	[MsgId: MMSG-26577]
Action.c(16): Downloading resource "http://lt-dev.pflb.ru:8080/css/images/User.jpg" (specified by argument number 82)  	[MsgId: MMSG-26577]
Action.c(16): Downloading resource "http://lt-dev.pflb.ru:8080/css/images/Shipex.png" (specified by argument number 84)  	[MsgId: MMSG-26577]
Action.c(16): Downloading resource "http://lt-dev.pflb.ru:8080/css/images/Bell.png" (specified by argument number 86)  	[MsgId: MMSG-26577]
Action.c(16): Downloading resource "http://lt-dev.pflb.ru:8080/css/images/Check.png" (specified by argument number 88)  	[MsgId: MMSG-26577]
Action.c(16): Found resource "http://lt-dev.pflb.ru:8080/vendor/requirejs/require.js" in HTML "http://lt-dev.pflb.ru:8080"  	[MsgId: MMSG-26659]
Action.c(16): web_url("advantageonlineshopping.com") was successful, 3722992 body bytes, 12060 header bytes, 975 chunking overhead bytes  	[MsgId: MMSG-26385]
Action.c(67): web_url("ALL") started  	[MsgId: MMSG-26355]
Action.c(67): web_url("ALL") was successful, 23932 body bytes, 240 header bytes, 29 chunking overhead bytes  	[MsgId: MMSG-26385]
Action.c(77): web_add_header("SOAPAction") started  	[MsgId: MMSG-26355]
Action.c(77): web_add_header("SOAPAction") was successful  	[MsgId: MMSG-26392]
Action.c(80): web_add_header("X-Requested-With") started  	[MsgId: MMSG-26355]
Action.c(80): web_add_header("X-Requested-With") was successful  	[MsgId: MMSG-26392]
Action.c(83): web_custom_request("GetAccountConfigurationRequest") started  	[MsgId: MMSG-26355]
Action.c(83): web_custom_request("GetAccountConfigurationRequest") was successful, 823 body bytes, 619 header bytes  	[MsgId: MMSG-26386]
Action.c(99): web_reg_save_param_json started  	[MsgId: MMSG-26355]
Action.c(99): Registering web_reg_save_param_json was successful  	[MsgId: MMSG-26390]
Action.c(106): web_url("categories") started  	[MsgId: MMSG-26355]
Action.c(106): web_url("categories") was successful, 12954 body bytes, 240 header bytes, 21 chunking overhead bytes  	[MsgId: MMSG-26385]
Action.c(118): web_add_cookie started  	[MsgId: MMSG-26355]
Action.c(118): web_add_cookie was successful  	[MsgId: MMSG-26392]
Action.c(120): web_url("search") started  	[MsgId: MMSG-26355]
Action.c(120): web_url("search") was successful, 681 body bytes, 240 header bytes, 12 chunking overhead bytes  	[MsgId: MMSG-26385]
Action.c(130): web_url("popularProducts.json") started  	[MsgId: MMSG-26355]
Action.c(130): web_url("popularProducts.json") was successful, 2323 body bytes, 272 header bytes  	[MsgId: MMSG-26386]
Action.c(140): web_url("home-page.html") started  	[MsgId: MMSG-26355]
Action.c(140): Found resource "http://lt-dev.pflb.ru:8080/app/views/css/images/Special-offer.jpg" in HTML "http://lt-dev.pflb.ru:8080/app/views/home-page.html"  	[MsgId: MMSG-26659]
Action.c(140): Found resource "http://lt-dev.pflb.ru:8080/css/images/chat_logo.png" in HTML "http://lt-dev.pflb.ru:8080/app/views/home-page.html"  	[MsgId: MMSG-26659]
Action.c(140): Found resource "http://lt-dev.pflb.ru:8080/app/views/" in HTML "http://lt-dev.pflb.ru:8080/app/views/home-page.html"  	[MsgId: MMSG-26659]
Action.c(140): Warning -26627: HTTP Status-Code=404 (Not Found) for "http://lt-dev.pflb.ru:8080/app/views/"  	[MsgId: MWAR-26627]
Action.c(140): Warning -26627: HTTP Status-Code=404 (Not Found) for "http://lt-dev.pflb.ru:8080/app/views/css/images/Special-offer.jpg"  	[MsgId: MWAR-26627]
Action.c(140): web_url("home-page.html") highest severity level was "warning", 17686 body bytes, 943 header bytes  	[MsgId: MMSG-26388]
Action.c(150): Notify: Transaction "Login" started.
Action.c(151): Notify: Transaction "UC04_TR01_Login" started.
Action.c(152): web_add_header("SOAPAction") started  	[MsgId: MMSG-26355]
Action.c(152): web_add_header("SOAPAction") was successful  	[MsgId: MMSG-26392]
Action.c(155): web_add_header("X-Requested-With") started  	[MsgId: MMSG-26355]
Action.c(155): web_add_header("X-Requested-With") was successful  	[MsgId: MMSG-26392]
Action.c(163): web_reg_save_param started  	[MsgId: MMSG-26355]
Action.c(163): Registering web_reg_save_param was successful  	[MsgId: MMSG-26390]
Action.c(168): web_reg_save_param started  	[MsgId: MMSG-26355]
Action.c(168): Registering web_reg_save_param was successful  	[MsgId: MMSG-26390]
Action.c(173): web_custom_request("AccountLoginRequest") started  	[MsgId: MMSG-26355]
Action.c(173): web_custom_request("AccountLoginRequest") was successful, 805 body bytes, 619 header bytes  	[MsgId: MMSG-26386]
Action.c(186): web_set_sockets_option started  	[MsgId: MMSG-26355]
Action.c(186): web_set_sockets_option was successful  	[MsgId: MMSG-26392]
Action.c(188): web_add_auto_header("Authorization:") started  	[MsgId: MMSG-26355]
Action.c(188): Warning -26593: The header being added may cause unpredictable results when applied to all ensuing URLs. It is added anyway  	[MsgId: MWAR-26593]
Action.c(188): web_add_auto_header("Authorization:") highest severity level was "warning"  	[MsgId: MMSG-26391]
Action.c(190): web_reg_save_param_json started  	[MsgId: MMSG-26355]
Action.c(190): Registering web_reg_save_param_json was successful  	[MsgId: MMSG-26390]
Action.c(197): web_url("carts/userId") started  	[MsgId: MMSG-26355]
Action.c(197): web_url("carts/userId") was successful, 1865 body bytes, 320 header bytes, 12 chunking overhead bytes  	[MsgId: MMSG-26385]
Action.c(206): Notify: Transaction "UC04_TR01_Login" ended with a "Pass" status (Duration: 3,0842 Wasted Time: 0,0384).
Action.c(207): Notify: Transaction "Login" ended with a "Pass" status (Duration: 3,1115 Wasted Time: 0,0384).
Action.c(211): Notify: Transaction "UC04_TR02_Category_select" started.
Action.c(215): web_reg_save_param_json started  	[MsgId: MMSG-26355]
Action.c(215): Registering web_reg_save_param_json was successful  	[MsgId: MMSG-26390]
Action.c(222): web_url("products") started  	[MsgId: MMSG-26355]
Action.c(222): web_url("products") was successful, 9646 body bytes, 240 header bytes, 20 chunking overhead bytes  	[MsgId: MMSG-26385]
Action.c(234): web_url("attributes") started  	[MsgId: MMSG-26355]
Action.c(234): web_url("attributes") was successful, 6213 body bytes, 240 header bytes, 13 chunking overhead bytes  	[MsgId: MMSG-26385]
Action.c(244): web_url("category-page.html") started  	[MsgId: MMSG-26355]
Action.c(244): web_url("category-page.html") was successful, 1915 body bytes, 265 header bytes  	[MsgId: MMSG-26386]
Action.c(253): Notify: Transaction "UC04_TR02_Category_select" ended with a "Pass" status (Duration: 1,8531 Wasted Time: 0,0446).
Action.c(257): Notify: Transaction "Product_select" started.
Action.c(258): Notify: Transaction "UC04_TR03_Product_select" started.
Action.c(262): web_reg_save_param_json started  	[MsgId: MMSG-26355]
Action.c(262): Registering web_reg_save_param_json was successful  	[MsgId: MMSG-26390]
Action.c(269): web_url("products/category_products_rand") started  	[MsgId: MMSG-26355]
Action.c(269): web_url("products/category_products_rand") was successful, 976 body bytes, 240 header bytes, 12 chunking overhead bytes  	[MsgId: MMSG-26385]
Action.c(281): web_url("all_data") started  	[MsgId: MMSG-26355]
Action.c(281): web_url("all_data") was successful, 48939 body bytes, 240 header bytes, 53 chunking overhead bytes  	[MsgId: MMSG-26385]
Action.c(291): web_url("product-page.html") started  	[MsgId: MMSG-26355]
Action.c(291): Found resource "http://lt-dev.pflb.ru:8080/css/images/review_right.png" in HTML "http://lt-dev.pflb.ru:8080/app/views/product-page.html"  	[MsgId: MMSG-26659]
Action.c(291): Found resource "http://lt-dev.pflb.ru:8080/css/images/reviewUser.png" in HTML "http://lt-dev.pflb.ru:8080/app/views/product-page.html"  	[MsgId: MMSG-26659]
Action.c(291): Found resource "http://lt-dev.pflb.ru:8080/css/images/review_Left_disabled.png" in HTML "http://lt-dev.pflb.ru:8080/app/views/product-page.html"  	[MsgId: MMSG-26659]
Action.c(291): web_url("product-page.html") was successful, 12509 body bytes, 1075 header bytes  	[MsgId: MMSG-26386]
Action.c(301): Notify: Transaction "UC04_TR03_Product_select" ended with a "Pass" status (Duration: 3,5949 Wasted Time: 0,0411).
Action.c(302): Notify: Transaction "Product_select" ended with a "Pass" status (Duration: 3,6287 Wasted Time: 0,0411).
Action.c(306): Notify: Transaction "Cart_add" started.
Action.c(307): Notify: Transaction "UC04_TR04_Cart_add" started.
Action.c(308): web_submit_data("color/colors_rand") started  	[MsgId: MMSG-26355]
Action.c(308): web_submit_data("color/colors_rand") was successful, 2007 body bytes, 240 header bytes, 12 chunking overhead bytes  	[MsgId: MMSG-26385]
Action.c(319): Notify: Transaction "UC04_TR04_Cart_add" ended with a "Pass" status (Duration: 3,0670 Wasted Time: 0,0189).
Action.c(320): Notify: Transaction "Cart_add" ended with a "Pass" status (Duration: 3,1098 Wasted Time: 0,0189).
Action.c(324): Notify: Transaction "Logout" started.
Action.c(325): Notify: Transaction "UC04_TR05_Exit" started.
Action.c(326): web_add_header("SOAPAction") started  	[MsgId: MMSG-26355]
Action.c(326): web_add_header("SOAPAction") was successful  	[MsgId: MMSG-26392]
Action.c(329): web_add_header("X-Requested-With") started  	[MsgId: MMSG-26355]
Action.c(329): web_add_header("X-Requested-With") was successful  	[MsgId: MMSG-26392]
Action.c(334): web_custom_request("AccountLogoutRequest") started  	[MsgId: MMSG-26355]
Action.c(334): web_custom_request("AccountLogoutRequest") was successful, 408 body bytes, 619 header bytes  	[MsgId: MMSG-26386]
Action.c(346): Notify: Transaction "UC04_TR05_Exit" ended with a "Pass" status (Duration: 0,6572 Wasted Time: 0,0113).
Action.c(347): Notify: Transaction "Logout" ended with a "Pass" status (Duration: 0,6863 Wasted Time: 0,0113).
Action.c(348): Notify: Transaction "UC04_Add_to_cart" ended with a "Pass" status (Duration: 17,2913 Wasted Time: 1,0417).
Ending action Action.
Ending iteration 1.
Ending Vuser...
Starting action vuser_end.
Ending action vuser_end.
Vuser Terminated.
