Start auto log messages stack - Iteration 1.	[MsgId: MMSG-10545]
Action.c(288): Found resource "http://lt-dev.pflb.ru:8080/css/images/reviewUser.png" in HTML "http://lt-dev.pflb.ru:8080/app/views/product-page.html"  	[MsgId: MMSG-26659]
Action.c(288): Found resource "http://lt-dev.pflb.ru:8080/css/images/review_Left_disabled.png" in HTML "http://lt-dev.pflb.ru:8080/app/views/product-page.html"  	[MsgId: MMSG-26659]
Action.c(288): web_url("product-page.html") was successful, 12509 body bytes, 1075 header bytes  	[MsgId: MMSG-26386]
Action.c(298): Notify: Transaction "UC03_TR03_Product_select" ended with a "Pass" status (Duration: 5,2000 Wasted Time: 0,0003).	[MsgId: MMSG-16871]
Action.c(299): Notify: Transaction "Product_select" ended with a "Pass" status (Duration: 5,2000 Wasted Time: 0,0003).	[MsgId: MMSG-16871]
Action.c(301): lr_think_time: 44,00 seconds.	[MsgId: MMSG-15948]
Action.c(303): Notify: Transaction "Cart_add" started.	[MsgId: MMSG-16999]
Action.c(304): Notify: Transaction "UC03_TR04_Cart_add" started.	[MsgId: MMSG-16999]
Action.c(305): web_submit_data("color/colors_rand") started  	[MsgId: MMSG-26355]
Action.c(305): Error -26612: HTTP Status-Code=500 (Internal Server Error) for "http://lt-dev.pflb.ru:8080/order/api/v1/carts/209440360/product/19/color/C3C3C3?quantity=1"  	[MsgId: MERR-26612]
End auto log messages stack.	[MsgId: MMSG-10544]


Start auto log messages stack - Iteration 1.	[MsgId: MMSG-10545]
Action.c(288): Found resource "http://lt-dev.pflb.ru:8080/css/images/reviewUser.png" in HTML "http://lt-dev.pflb.ru:8080/app/views/product-page.html"  	[MsgId: MMSG-26659]
Action.c(288): Found resource "http://lt-dev.pflb.ru:8080/css/images/review_Left_disabled.png" in HTML "http://lt-dev.pflb.ru:8080/app/views/product-page.html"  	[MsgId: MMSG-26659]
Action.c(288): web_url("product-page.html") was successful, 12509 body bytes, 1075 header bytes  	[MsgId: MMSG-26386]
Action.c(298): Notify: Transaction "UC03_TR03_Product_select" ended with a "Pass" status (Duration: 5,5873 Wasted Time: 0,0004).	[MsgId: MMSG-16871]
Action.c(299): Notify: Transaction "Product_select" ended with a "Pass" status (Duration: 5,5873 Wasted Time: 0,0004).	[MsgId: MMSG-16871]
Action.c(301): lr_think_time: 44,00 seconds.	[MsgId: MMSG-15948]
Action.c(303): Notify: Transaction "Cart_add" started.	[MsgId: MMSG-16999]
Action.c(304): Notify: Transaction "UC03_TR04_Cart_add" started.	[MsgId: MMSG-16999]
Action.c(305): web_submit_data("color/colors_rand") started  	[MsgId: MMSG-26355]
Action.c(305): Error -26612: HTTP Status-Code=500 (Internal Server Error) for "http://lt-dev.pflb.ru:8080/order/api/v1/carts/209440360/product/12/color/FFFFFF?quantity=1"  	[MsgId: MERR-26612]
End auto log messages stack.	[MsgId: MMSG-10544]


Start auto log messages stack - Iteration 4.	[MsgId: MMSG-10545]
Action.c(288): Found resource "http://lt-dev.pflb.ru:8080/css/images/reviewUser.png" in HTML "http://lt-dev.pflb.ru:8080/app/views/product-page.html"  	[MsgId: MMSG-26659]
Action.c(288): Found resource "http://lt-dev.pflb.ru:8080/css/images/review_Left_disabled.png" in HTML "http://lt-dev.pflb.ru:8080/app/views/product-page.html"  	[MsgId: MMSG-26659]
Action.c(288): web_url("product-page.html") was successful, 12509 body bytes, 1075 header bytes  	[MsgId: MMSG-26386]
Action.c(298): Notify: Transaction "UC03_TR03_Product_select" ended with a "Pass" status (Duration: 4,4695 Wasted Time: 0,0006).	[MsgId: MMSG-16871]
Action.c(299): Notify: Transaction "Product_select" ended with a "Pass" status (Duration: 4,4695 Wasted Time: 0,0006).	[MsgId: MMSG-16871]
Action.c(301): lr_think_time: 44,00 seconds.	[MsgId: MMSG-15948]
Action.c(303): Notify: Transaction "Cart_add" started.	[MsgId: MMSG-16999]
Action.c(304): Notify: Transaction "UC03_TR04_Cart_add" started.	[MsgId: MMSG-16999]
Action.c(305): web_submit_data("color/colors_rand") started  	[MsgId: MMSG-26355]
Action.c(305): Error -26612: HTTP Status-Code=500 (Internal Server Error) for "http://lt-dev.pflb.ru:8080/order/api/v1/carts/312535413/product/12/color/3683D1?quantity=1"  	[MsgId: MERR-26612]
End auto log messages stack.	[MsgId: MMSG-10544]


Start auto log messages stack - Iteration 5.	[MsgId: MMSG-10545]
Action.c(288): Found resource "http://lt-dev.pflb.ru:8080/css/images/reviewUser.png" in HTML "http://lt-dev.pflb.ru:8080/app/views/product-page.html"  	[MsgId: MMSG-26659]
Action.c(288): Found resource "http://lt-dev.pflb.ru:8080/css/images/review_Left_disabled.png" in HTML "http://lt-dev.pflb.ru:8080/app/views/product-page.html"  	[MsgId: MMSG-26659]
Action.c(288): web_url("product-page.html") was successful, 12509 body bytes, 1075 header bytes  	[MsgId: MMSG-26386]
Action.c(298): Notify: Transaction "UC03_TR03_Product_select" ended with a "Pass" status (Duration: 3,8815 Wasted Time: 0,0002).	[MsgId: MMSG-16871]
Action.c(299): Notify: Transaction "Product_select" ended with a "Pass" status (Duration: 3,8816 Wasted Time: 0,0002).	[MsgId: MMSG-16871]
Action.c(301): lr_think_time: 44,00 seconds.	[MsgId: MMSG-15948]
Action.c(303): Notify: Transaction "Cart_add" started.	[MsgId: MMSG-16999]
Action.c(304): Notify: Transaction "UC03_TR04_Cart_add" started.	[MsgId: MMSG-16999]
Action.c(305): web_submit_data("color/colors_rand") started  	[MsgId: MMSG-26355]
Action.c(305): Error -26612: HTTP Status-Code=500 (Internal Server Error) for "http://lt-dev.pflb.ru:8080/order/api/v1/carts/209440360/product/8/color/414141?quantity=1"  	[MsgId: MERR-26612]
End auto log messages stack.	[MsgId: MMSG-10544]


Start auto log messages stack - Iteration 7.	[MsgId: MMSG-10545]
Action.c(288): Found resource "http://lt-dev.pflb.ru:8080/css/images/reviewUser.png" in HTML "http://lt-dev.pflb.ru:8080/app/views/product-page.html"  	[MsgId: MMSG-26659]
Action.c(288): Found resource "http://lt-dev.pflb.ru:8080/css/images/review_Left_disabled.png" in HTML "http://lt-dev.pflb.ru:8080/app/views/product-page.html"  	[MsgId: MMSG-26659]
Action.c(288): web_url("product-page.html") was successful, 12509 body bytes, 1075 header bytes  	[MsgId: MMSG-26386]
Action.c(298): Notify: Transaction "UC03_TR03_Product_select" ended with a "Pass" status (Duration: 3,6299 Wasted Time: 0,0002).	[MsgId: MMSG-16871]
Action.c(299): Notify: Transaction "Product_select" ended with a "Pass" status (Duration: 3,6299 Wasted Time: 0,0002).	[MsgId: MMSG-16871]
Action.c(301): lr_think_time: 44,00 seconds.	[MsgId: MMSG-15948]
Action.c(303): Notify: Transaction "Cart_add" started.	[MsgId: MMSG-16999]
Action.c(304): Notify: Transaction "UC03_TR04_Cart_add" started.	[MsgId: MMSG-16999]
Action.c(305): web_submit_data("color/colors_rand") started  	[MsgId: MMSG-26355]
Action.c(305): Error -26612: HTTP Status-Code=500 (Internal Server Error) for "http://lt-dev.pflb.ru:8080/order/api/v1/carts/209440360/product/3/color/FCC23D?quantity=1"  	[MsgId: MERR-26612]
End auto log messages stack.	[MsgId: MMSG-10544]


Start auto log messages stack - Iteration 7.	[MsgId: MMSG-10545]
Action.c(288): Found resource "http://lt-dev.pflb.ru:8080/css/images/reviewUser.png" in HTML "http://lt-dev.pflb.ru:8080/app/views/product-page.html"  	[MsgId: MMSG-26659]
Action.c(288): Found resource "http://lt-dev.pflb.ru:8080/css/images/review_Left_disabled.png" in HTML "http://lt-dev.pflb.ru:8080/app/views/product-page.html"  	[MsgId: MMSG-26659]
Action.c(288): web_url("product-page.html") was successful, 12509 body bytes, 1075 header bytes  	[MsgId: MMSG-26386]
Action.c(298): Notify: Transaction "UC03_TR03_Product_select" ended with a "Pass" status (Duration: 3,6434 Wasted Time: 0,0002).	[MsgId: MMSG-16871]
Action.c(299): Notify: Transaction "Product_select" ended with a "Pass" status (Duration: 3,6435 Wasted Time: 0,0002).	[MsgId: MMSG-16871]
Action.c(301): lr_think_time: 44,00 seconds.	[MsgId: MMSG-15948]
Action.c(303): Notify: Transaction "Cart_add" started.	[MsgId: MMSG-16999]
Action.c(304): Notify: Transaction "UC03_TR04_Cart_add" started.	[MsgId: MMSG-16999]
Action.c(305): web_submit_data("color/colors_rand") started  	[MsgId: MMSG-26355]
Action.c(305): Error -26612: HTTP Status-Code=500 (Internal Server Error) for "http://lt-dev.pflb.ru:8080/order/api/v1/carts/209440360/product/4/color/C3C3C3?quantity=1"  	[MsgId: MERR-26612]
End auto log messages stack.	[MsgId: MMSG-10544]


Start auto log messages stack - Iteration 5.	[MsgId: MMSG-10545]
Action.c(288): Found resource "http://lt-dev.pflb.ru:8080/css/images/reviewUser.png" in HTML "http://lt-dev.pflb.ru:8080/app/views/product-page.html"  	[MsgId: MMSG-26659]
Action.c(288): Found resource "http://lt-dev.pflb.ru:8080/css/images/review_Left_disabled.png" in HTML "http://lt-dev.pflb.ru:8080/app/views/product-page.html"  	[MsgId: MMSG-26659]
Action.c(288): web_url("product-page.html") was successful, 12509 body bytes, 1075 header bytes  	[MsgId: MMSG-26386]
Action.c(298): Notify: Transaction "UC03_TR03_Product_select" ended with a "Pass" status (Duration: 8,1373 Wasted Time: 0,0002).	[MsgId: MMSG-16871]
Action.c(299): Notify: Transaction "Product_select" ended with a "Pass" status (Duration: 8,1374 Wasted Time: 0,0002).	[MsgId: MMSG-16871]
Action.c(301): lr_think_time: 44,00 seconds.	[MsgId: MMSG-15948]
Action.c(303): Notify: Transaction "Cart_add" started.	[MsgId: MMSG-16999]
Action.c(304): Notify: Transaction "UC03_TR04_Cart_add" started.	[MsgId: MMSG-16999]
Action.c(305): web_submit_data("color/colors_rand") started  	[MsgId: MMSG-26355]
Action.c(305): Error -26612: HTTP Status-Code=500 (Internal Server Error) for "http://lt-dev.pflb.ru:8080/order/api/v1/carts/209440360/product/2/color/414141?quantity=1"  	[MsgId: MERR-26612]
End auto log messages stack.	[MsgId: MMSG-10544]


