Start auto log messages stack - Iteration 1.	[MsgId: MMSG-10545]
Action.c(237): web_url("shoppingCart.html") started  	[MsgId: MMSG-26355]
Action.c(237): Found resource "http://lt-dev.pflb.ru:8080/css/images/Master_credit.png" in HTML "http://lt-dev.pflb.ru:8080/app/views/shoppingCart.html"  	[MsgId: MMSG-26659]
Action.c(237): Found resource "http://lt-dev.pflb.ru:8080/css/images/SafePay.png" in HTML "http://lt-dev.pflb.ru:8080/app/views/shoppingCart.html"  	[MsgId: MMSG-26659]
Action.c(237): web_url("shoppingCart.html") was successful, 12141 body bytes, 805 header bytes  	[MsgId: MMSG-26386]
Action.c(247): Notify: Transaction "UC05_T02_go_to_orders" ended with a "Pass" status (Duration: 0,2132).	[MsgId: MMSG-16873]
Action.c(248): Notify: Transaction "Go_to_orders" ended with a "Pass" status (Duration: 0,2133).	[MsgId: MMSG-16873]
Action.c(250): lr_think_time: 40,00 seconds.	[MsgId: MMSG-15948]
Action.c(251): Notify: Transaction "Remove_products" started.	[MsgId: MMSG-16999]
Action.c(253): Notify: Transaction "UC05_T03_remove_products" started.	[MsgId: MMSG-16999]
Action.c(291): Error: Корзина пуста!	[MsgId: MERR-17999]
End auto log messages stack.	[MsgId: MMSG-10544]


Start auto log messages stack - Iteration 1.	[MsgId: MMSG-10545]
Action.c(237): web_url("shoppingCart.html") started  	[MsgId: MMSG-26355]
Action.c(237): Found resource "http://lt-dev.pflb.ru:8080/css/images/Master_credit.png" in HTML "http://lt-dev.pflb.ru:8080/app/views/shoppingCart.html"  	[MsgId: MMSG-26659]
Action.c(237): Found resource "http://lt-dev.pflb.ru:8080/css/images/SafePay.png" in HTML "http://lt-dev.pflb.ru:8080/app/views/shoppingCart.html"  	[MsgId: MMSG-26659]
Action.c(237): web_url("shoppingCart.html") was successful, 12141 body bytes, 805 header bytes  	[MsgId: MMSG-26386]
Action.c(247): Notify: Transaction "UC05_T02_go_to_orders" ended with a "Pass" status (Duration: 0,1687).	[MsgId: MMSG-16873]
Action.c(248): Notify: Transaction "Go_to_orders" ended with a "Pass" status (Duration: 0,1688).	[MsgId: MMSG-16873]
Action.c(250): lr_think_time: 40,00 seconds.	[MsgId: MMSG-15948]
Action.c(251): Notify: Transaction "Remove_products" started.	[MsgId: MMSG-16999]
Action.c(253): Notify: Transaction "UC05_T03_remove_products" started.	[MsgId: MMSG-16999]
Action.c(291): Error: Корзина пуста!	[MsgId: MERR-17999]
End auto log messages stack.	[MsgId: MMSG-10544]


Start auto log messages stack - Iteration 1.	[MsgId: MMSG-10545]
Action.c(237): web_url("shoppingCart.html") started  	[MsgId: MMSG-26355]
Action.c(237): Found resource "http://lt-dev.pflb.ru:8080/css/images/Master_credit.png" in HTML "http://lt-dev.pflb.ru:8080/app/views/shoppingCart.html"  	[MsgId: MMSG-26659]
Action.c(237): Found resource "http://lt-dev.pflb.ru:8080/css/images/SafePay.png" in HTML "http://lt-dev.pflb.ru:8080/app/views/shoppingCart.html"  	[MsgId: MMSG-26659]
Action.c(237): web_url("shoppingCart.html") was successful, 12141 body bytes, 805 header bytes  	[MsgId: MMSG-26386]
Action.c(247): Notify: Transaction "UC05_T02_go_to_orders" ended with a "Pass" status (Duration: 0,1691).	[MsgId: MMSG-16873]
Action.c(248): Notify: Transaction "Go_to_orders" ended with a "Pass" status (Duration: 0,1692).	[MsgId: MMSG-16873]
Action.c(250): lr_think_time: 40,00 seconds.	[MsgId: MMSG-15948]
Action.c(251): Notify: Transaction "Remove_products" started.	[MsgId: MMSG-16999]
Action.c(253): Notify: Transaction "UC05_T03_remove_products" started.	[MsgId: MMSG-16999]
Action.c(291): Error: Корзина пуста!	[MsgId: MERR-17999]
End auto log messages stack.	[MsgId: MMSG-10544]


Start auto log messages stack - Iteration 1.	[MsgId: MMSG-10545]
Action.c(237): web_url("shoppingCart.html") started  	[MsgId: MMSG-26355]
Action.c(237): Found resource "http://lt-dev.pflb.ru:8080/css/images/Master_credit.png" in HTML "http://lt-dev.pflb.ru:8080/app/views/shoppingCart.html"  	[MsgId: MMSG-26659]
Action.c(237): Found resource "http://lt-dev.pflb.ru:8080/css/images/SafePay.png" in HTML "http://lt-dev.pflb.ru:8080/app/views/shoppingCart.html"  	[MsgId: MMSG-26659]
Action.c(237): web_url("shoppingCart.html") was successful, 12141 body bytes, 805 header bytes  	[MsgId: MMSG-26386]
Action.c(247): Notify: Transaction "UC05_T02_go_to_orders" ended with a "Pass" status (Duration: 0,1594).	[MsgId: MMSG-16873]
Action.c(248): Notify: Transaction "Go_to_orders" ended with a "Pass" status (Duration: 0,1595).	[MsgId: MMSG-16873]
Action.c(250): lr_think_time: 40,00 seconds.	[MsgId: MMSG-15948]
Action.c(251): Notify: Transaction "Remove_products" started.	[MsgId: MMSG-16999]
Action.c(253): Notify: Transaction "UC05_T03_remove_products" started.	[MsgId: MMSG-16999]
Action.c(291): Error: Корзина пуста!	[MsgId: MERR-17999]
End auto log messages stack.	[MsgId: MMSG-10544]


Start auto log messages stack - Iteration 2.	[MsgId: MMSG-10545]
Action.c(237): web_url("shoppingCart.html") started  	[MsgId: MMSG-26355]
Action.c(237): Found resource "http://lt-dev.pflb.ru:8080/css/images/Master_credit.png" in HTML "http://lt-dev.pflb.ru:8080/app/views/shoppingCart.html"  	[MsgId: MMSG-26659]
Action.c(237): Found resource "http://lt-dev.pflb.ru:8080/css/images/SafePay.png" in HTML "http://lt-dev.pflb.ru:8080/app/views/shoppingCart.html"  	[MsgId: MMSG-26659]
Action.c(237): web_url("shoppingCart.html") was successful, 12141 body bytes, 805 header bytes  	[MsgId: MMSG-26386]
Action.c(247): Notify: Transaction "UC05_T02_go_to_orders" ended with a "Pass" status (Duration: 0,1922).	[MsgId: MMSG-16873]
Action.c(248): Notify: Transaction "Go_to_orders" ended with a "Pass" status (Duration: 0,1923).	[MsgId: MMSG-16873]
Action.c(250): lr_think_time: 40,00 seconds.	[MsgId: MMSG-15948]
Action.c(251): Notify: Transaction "Remove_products" started.	[MsgId: MMSG-16999]
Action.c(253): Notify: Transaction "UC05_T03_remove_products" started.	[MsgId: MMSG-16999]
Action.c(291): Error: Корзина пуста!	[MsgId: MERR-17999]
End auto log messages stack.	[MsgId: MMSG-10544]


Start auto log messages stack - Iteration 2.	[MsgId: MMSG-10545]
Action.c(237): web_url("shoppingCart.html") started  	[MsgId: MMSG-26355]
Action.c(237): Found resource "http://lt-dev.pflb.ru:8080/css/images/Master_credit.png" in HTML "http://lt-dev.pflb.ru:8080/app/views/shoppingCart.html"  	[MsgId: MMSG-26659]
Action.c(237): Found resource "http://lt-dev.pflb.ru:8080/css/images/SafePay.png" in HTML "http://lt-dev.pflb.ru:8080/app/views/shoppingCart.html"  	[MsgId: MMSG-26659]
Action.c(237): web_url("shoppingCart.html") was successful, 12141 body bytes, 805 header bytes  	[MsgId: MMSG-26386]
Action.c(247): Notify: Transaction "UC05_T02_go_to_orders" ended with a "Pass" status (Duration: 0,1561).	[MsgId: MMSG-16873]
Action.c(248): Notify: Transaction "Go_to_orders" ended with a "Pass" status (Duration: 0,1561).	[MsgId: MMSG-16873]
Action.c(250): lr_think_time: 40,00 seconds.	[MsgId: MMSG-15948]
Action.c(251): Notify: Transaction "Remove_products" started.	[MsgId: MMSG-16999]
Action.c(253): Notify: Transaction "UC05_T03_remove_products" started.	[MsgId: MMSG-16999]
Action.c(291): Error: Корзина пуста!	[MsgId: MERR-17999]
End auto log messages stack.	[MsgId: MMSG-10544]


Start auto log messages stack - Iteration 2.	[MsgId: MMSG-10545]
Action.c(237): web_url("shoppingCart.html") started  	[MsgId: MMSG-26355]
Action.c(237): Found resource "http://lt-dev.pflb.ru:8080/css/images/Master_credit.png" in HTML "http://lt-dev.pflb.ru:8080/app/views/shoppingCart.html"  	[MsgId: MMSG-26659]
Action.c(237): Found resource "http://lt-dev.pflb.ru:8080/css/images/SafePay.png" in HTML "http://lt-dev.pflb.ru:8080/app/views/shoppingCart.html"  	[MsgId: MMSG-26659]
Action.c(237): web_url("shoppingCart.html") was successful, 12141 body bytes, 805 header bytes  	[MsgId: MMSG-26386]
Action.c(247): Notify: Transaction "UC05_T02_go_to_orders" ended with a "Pass" status (Duration: 0,1661).	[MsgId: MMSG-16873]
Action.c(248): Notify: Transaction "Go_to_orders" ended with a "Pass" status (Duration: 0,1661).	[MsgId: MMSG-16873]
Action.c(250): lr_think_time: 40,00 seconds.	[MsgId: MMSG-15948]
Action.c(251): Notify: Transaction "Remove_products" started.	[MsgId: MMSG-16999]
Action.c(253): Notify: Transaction "UC05_T03_remove_products" started.	[MsgId: MMSG-16999]
Action.c(291): Error: Корзина пуста!	[MsgId: MERR-17999]
End auto log messages stack.	[MsgId: MMSG-10544]


Start auto log messages stack - Iteration 2.	[MsgId: MMSG-10545]
Action.c(237): web_url("shoppingCart.html") started  	[MsgId: MMSG-26355]
Action.c(237): Found resource "http://lt-dev.pflb.ru:8080/css/images/Master_credit.png" in HTML "http://lt-dev.pflb.ru:8080/app/views/shoppingCart.html"  	[MsgId: MMSG-26659]
Action.c(237): Found resource "http://lt-dev.pflb.ru:8080/css/images/SafePay.png" in HTML "http://lt-dev.pflb.ru:8080/app/views/shoppingCart.html"  	[MsgId: MMSG-26659]
Action.c(237): web_url("shoppingCart.html") was successful, 12141 body bytes, 805 header bytes  	[MsgId: MMSG-26386]
Action.c(247): Notify: Transaction "UC05_T02_go_to_orders" ended with a "Pass" status (Duration: 0,1585).	[MsgId: MMSG-16873]
Action.c(248): Notify: Transaction "Go_to_orders" ended with a "Pass" status (Duration: 0,1586).	[MsgId: MMSG-16873]
Action.c(250): lr_think_time: 40,00 seconds.	[MsgId: MMSG-15948]
Action.c(251): Notify: Transaction "Remove_products" started.	[MsgId: MMSG-16999]
Action.c(253): Notify: Transaction "UC05_T03_remove_products" started.	[MsgId: MMSG-16999]
Action.c(291): Error: Корзина пуста!	[MsgId: MERR-17999]
End auto log messages stack.	[MsgId: MMSG-10544]


Start auto log messages stack - Iteration 2.	[MsgId: MMSG-10545]
Action.c(237): web_url("shoppingCart.html") started  	[MsgId: MMSG-26355]
Action.c(237): Found resource "http://lt-dev.pflb.ru:8080/css/images/Master_credit.png" in HTML "http://lt-dev.pflb.ru:8080/app/views/shoppingCart.html"  	[MsgId: MMSG-26659]
Action.c(237): Found resource "http://lt-dev.pflb.ru:8080/css/images/SafePay.png" in HTML "http://lt-dev.pflb.ru:8080/app/views/shoppingCart.html"  	[MsgId: MMSG-26659]
Action.c(237): web_url("shoppingCart.html") was successful, 12141 body bytes, 805 header bytes  	[MsgId: MMSG-26386]
Action.c(247): Notify: Transaction "UC05_T02_go_to_orders" ended with a "Pass" status (Duration: 0,1525).	[MsgId: MMSG-16873]
Action.c(248): Notify: Transaction "Go_to_orders" ended with a "Pass" status (Duration: 0,1525).	[MsgId: MMSG-16873]
Action.c(250): lr_think_time: 40,00 seconds.	[MsgId: MMSG-15948]
Action.c(251): Notify: Transaction "Remove_products" started.	[MsgId: MMSG-16999]
Action.c(253): Notify: Transaction "UC05_T03_remove_products" started.	[MsgId: MMSG-16999]
Action.c(291): Error: Корзина пуста!	[MsgId: MERR-17999]
End auto log messages stack.	[MsgId: MMSG-10544]


Start auto log messages stack - Iteration 3.	[MsgId: MMSG-10545]
Action.c(237): web_url("shoppingCart.html") started  	[MsgId: MMSG-26355]
Action.c(237): Found resource "http://lt-dev.pflb.ru:8080/css/images/Master_credit.png" in HTML "http://lt-dev.pflb.ru:8080/app/views/shoppingCart.html"  	[MsgId: MMSG-26659]
Action.c(237): Found resource "http://lt-dev.pflb.ru:8080/css/images/SafePay.png" in HTML "http://lt-dev.pflb.ru:8080/app/views/shoppingCart.html"  	[MsgId: MMSG-26659]
Action.c(237): web_url("shoppingCart.html") was successful, 12141 body bytes, 805 header bytes  	[MsgId: MMSG-26386]
Action.c(247): Notify: Transaction "UC05_T02_go_to_orders" ended with a "Pass" status (Duration: 0,1534).	[MsgId: MMSG-16873]
Action.c(248): Notify: Transaction "Go_to_orders" ended with a "Pass" status (Duration: 0,1535).	[MsgId: MMSG-16873]
Action.c(250): lr_think_time: 40,00 seconds.	[MsgId: MMSG-15948]
Action.c(251): Notify: Transaction "Remove_products" started.	[MsgId: MMSG-16999]
Action.c(253): Notify: Transaction "UC05_T03_remove_products" started.	[MsgId: MMSG-16999]
Action.c(291): Error: Корзина пуста!	[MsgId: MERR-17999]
End auto log messages stack.	[MsgId: MMSG-10544]


Start auto log messages stack - Iteration 1.	[MsgId: MMSG-10545]
Action.c(237): web_url("shoppingCart.html") started  	[MsgId: MMSG-26355]
Action.c(237): Found resource "http://lt-dev.pflb.ru:8080/css/images/Master_credit.png" in HTML "http://lt-dev.pflb.ru:8080/app/views/shoppingCart.html"  	[MsgId: MMSG-26659]
Action.c(237): Found resource "http://lt-dev.pflb.ru:8080/css/images/SafePay.png" in HTML "http://lt-dev.pflb.ru:8080/app/views/shoppingCart.html"  	[MsgId: MMSG-26659]
Action.c(237): web_url("shoppingCart.html") was successful, 12141 body bytes, 805 header bytes  	[MsgId: MMSG-26386]
Action.c(247): Notify: Transaction "UC05_T02_go_to_orders" ended with a "Pass" status (Duration: 0,1202).	[MsgId: MMSG-16873]
Action.c(248): Notify: Transaction "Go_to_orders" ended with a "Pass" status (Duration: 0,1202).	[MsgId: MMSG-16873]
Action.c(250): lr_think_time: 40,00 seconds.	[MsgId: MMSG-15948]
Action.c(251): Notify: Transaction "Remove_products" started.	[MsgId: MMSG-16999]
Action.c(253): Notify: Transaction "UC05_T03_remove_products" started.	[MsgId: MMSG-16999]
Action.c(291): Error: Корзина пуста!	[MsgId: MERR-17999]
End auto log messages stack.	[MsgId: MMSG-10544]


Start auto log messages stack - Iteration 3.	[MsgId: MMSG-10545]
Action.c(237): web_url("shoppingCart.html") started  	[MsgId: MMSG-26355]
Action.c(237): Found resource "http://lt-dev.pflb.ru:8080/css/images/Master_credit.png" in HTML "http://lt-dev.pflb.ru:8080/app/views/shoppingCart.html"  	[MsgId: MMSG-26659]
Action.c(237): Found resource "http://lt-dev.pflb.ru:8080/css/images/SafePay.png" in HTML "http://lt-dev.pflb.ru:8080/app/views/shoppingCart.html"  	[MsgId: MMSG-26659]
Action.c(237): web_url("shoppingCart.html") was successful, 12141 body bytes, 805 header bytes  	[MsgId: MMSG-26386]
Action.c(247): Notify: Transaction "UC05_T02_go_to_orders" ended with a "Pass" status (Duration: 0,1578).	[MsgId: MMSG-16873]
Action.c(248): Notify: Transaction "Go_to_orders" ended with a "Pass" status (Duration: 0,1578).	[MsgId: MMSG-16873]
Action.c(250): lr_think_time: 40,00 seconds.	[MsgId: MMSG-15948]
Action.c(251): Notify: Transaction "Remove_products" started.	[MsgId: MMSG-16999]
Action.c(253): Notify: Transaction "UC05_T03_remove_products" started.	[MsgId: MMSG-16999]
Action.c(291): Error: Корзина пуста!	[MsgId: MERR-17999]
End auto log messages stack.	[MsgId: MMSG-10544]


Start auto log messages stack - Iteration 3.	[MsgId: MMSG-10545]
Action.c(237): web_url("shoppingCart.html") started  	[MsgId: MMSG-26355]
Action.c(237): Found resource "http://lt-dev.pflb.ru:8080/css/images/Master_credit.png" in HTML "http://lt-dev.pflb.ru:8080/app/views/shoppingCart.html"  	[MsgId: MMSG-26659]
Action.c(237): Found resource "http://lt-dev.pflb.ru:8080/css/images/SafePay.png" in HTML "http://lt-dev.pflb.ru:8080/app/views/shoppingCart.html"  	[MsgId: MMSG-26659]
Action.c(237): web_url("shoppingCart.html") was successful, 12141 body bytes, 805 header bytes  	[MsgId: MMSG-26386]
Action.c(247): Notify: Transaction "UC05_T02_go_to_orders" ended with a "Pass" status (Duration: 0,1606).	[MsgId: MMSG-16873]
Action.c(248): Notify: Transaction "Go_to_orders" ended with a "Pass" status (Duration: 0,1607).	[MsgId: MMSG-16873]
Action.c(250): lr_think_time: 40,00 seconds.	[MsgId: MMSG-15948]
Action.c(251): Notify: Transaction "Remove_products" started.	[MsgId: MMSG-16999]
Action.c(253): Notify: Transaction "UC05_T03_remove_products" started.	[MsgId: MMSG-16999]
Action.c(291): Error: Корзина пуста!	[MsgId: MERR-17999]
End auto log messages stack.	[MsgId: MMSG-10544]


Start auto log messages stack - Iteration 3.	[MsgId: MMSG-10545]
Action.c(237): web_url("shoppingCart.html") started  	[MsgId: MMSG-26355]
Action.c(237): Found resource "http://lt-dev.pflb.ru:8080/css/images/Master_credit.png" in HTML "http://lt-dev.pflb.ru:8080/app/views/shoppingCart.html"  	[MsgId: MMSG-26659]
Action.c(237): Found resource "http://lt-dev.pflb.ru:8080/css/images/SafePay.png" in HTML "http://lt-dev.pflb.ru:8080/app/views/shoppingCart.html"  	[MsgId: MMSG-26659]
Action.c(237): web_url("shoppingCart.html") was successful, 12141 body bytes, 805 header bytes  	[MsgId: MMSG-26386]
Action.c(247): Notify: Transaction "UC05_T02_go_to_orders" ended with a "Pass" status (Duration: 0,1633).	[MsgId: MMSG-16873]
Action.c(248): Notify: Transaction "Go_to_orders" ended with a "Pass" status (Duration: 0,1634).	[MsgId: MMSG-16873]
Action.c(250): lr_think_time: 40,00 seconds.	[MsgId: MMSG-15948]
Action.c(251): Notify: Transaction "Remove_products" started.	[MsgId: MMSG-16999]
Action.c(253): Notify: Transaction "UC05_T03_remove_products" started.	[MsgId: MMSG-16999]
Action.c(291): Error: Корзина пуста!	[MsgId: MERR-17999]
End auto log messages stack.	[MsgId: MMSG-10544]


Start auto log messages stack - Iteration 1.	[MsgId: MMSG-10545]
Action.c(237): web_url("shoppingCart.html") started  	[MsgId: MMSG-26355]
Action.c(237): Found resource "http://lt-dev.pflb.ru:8080/css/images/Master_credit.png" in HTML "http://lt-dev.pflb.ru:8080/app/views/shoppingCart.html"  	[MsgId: MMSG-26659]
Action.c(237): Found resource "http://lt-dev.pflb.ru:8080/css/images/SafePay.png" in HTML "http://lt-dev.pflb.ru:8080/app/views/shoppingCart.html"  	[MsgId: MMSG-26659]
Action.c(237): web_url("shoppingCart.html") was successful, 12141 body bytes, 805 header bytes  	[MsgId: MMSG-26386]
Action.c(247): Notify: Transaction "UC05_T02_go_to_orders" ended with a "Pass" status (Duration: 0,1183).	[MsgId: MMSG-16873]
Action.c(248): Notify: Transaction "Go_to_orders" ended with a "Pass" status (Duration: 0,1183).	[MsgId: MMSG-16873]
Action.c(250): lr_think_time: 40,00 seconds.	[MsgId: MMSG-15948]
Action.c(251): Notify: Transaction "Remove_products" started.	[MsgId: MMSG-16999]
Action.c(253): Notify: Transaction "UC05_T03_remove_products" started.	[MsgId: MMSG-16999]
Action.c(291): Error: Корзина пуста!	[MsgId: MERR-17999]
End auto log messages stack.	[MsgId: MMSG-10544]


Start auto log messages stack - Iteration 4.	[MsgId: MMSG-10545]
Action.c(237): web_url("shoppingCart.html") started  	[MsgId: MMSG-26355]
Action.c(237): Found resource "http://lt-dev.pflb.ru:8080/css/images/Master_credit.png" in HTML "http://lt-dev.pflb.ru:8080/app/views/shoppingCart.html"  	[MsgId: MMSG-26659]
Action.c(237): Found resource "http://lt-dev.pflb.ru:8080/css/images/SafePay.png" in HTML "http://lt-dev.pflb.ru:8080/app/views/shoppingCart.html"  	[MsgId: MMSG-26659]
Action.c(237): web_url("shoppingCart.html") was successful, 12141 body bytes, 805 header bytes  	[MsgId: MMSG-26386]
Action.c(247): Notify: Transaction "UC05_T02_go_to_orders" ended with a "Pass" status (Duration: 0,1508).	[MsgId: MMSG-16873]
Action.c(248): Notify: Transaction "Go_to_orders" ended with a "Pass" status (Duration: 0,1508).	[MsgId: MMSG-16873]
Action.c(250): lr_think_time: 40,00 seconds.	[MsgId: MMSG-15948]
Action.c(251): Notify: Transaction "Remove_products" started.	[MsgId: MMSG-16999]
Action.c(253): Notify: Transaction "UC05_T03_remove_products" started.	[MsgId: MMSG-16999]
Action.c(291): Error: Корзина пуста!	[MsgId: MERR-17999]
End auto log messages stack.	[MsgId: MMSG-10544]


Start auto log messages stack - Iteration 2.	[MsgId: MMSG-10545]
Action.c(237): web_url("shoppingCart.html") started  	[MsgId: MMSG-26355]
Action.c(237): Found resource "http://lt-dev.pflb.ru:8080/css/images/Master_credit.png" in HTML "http://lt-dev.pflb.ru:8080/app/views/shoppingCart.html"  	[MsgId: MMSG-26659]
Action.c(237): Found resource "http://lt-dev.pflb.ru:8080/css/images/SafePay.png" in HTML "http://lt-dev.pflb.ru:8080/app/views/shoppingCart.html"  	[MsgId: MMSG-26659]
Action.c(237): web_url("shoppingCart.html") was successful, 12141 body bytes, 805 header bytes  	[MsgId: MMSG-26386]
Action.c(247): Notify: Transaction "UC05_T02_go_to_orders" ended with a "Pass" status (Duration: 0,1236).	[MsgId: MMSG-16873]
Action.c(248): Notify: Transaction "Go_to_orders" ended with a "Pass" status (Duration: 0,1237).	[MsgId: MMSG-16873]
Action.c(250): lr_think_time: 40,00 seconds.	[MsgId: MMSG-15948]
Action.c(251): Notify: Transaction "Remove_products" started.	[MsgId: MMSG-16999]
Action.c(253): Notify: Transaction "UC05_T03_remove_products" started.	[MsgId: MMSG-16999]
Action.c(291): Error: Корзина пуста!	[MsgId: MERR-17999]
End auto log messages stack.	[MsgId: MMSG-10544]


Start auto log messages stack - Iteration 3.	[MsgId: MMSG-10545]
Action.c(237): web_url("shoppingCart.html") started  	[MsgId: MMSG-26355]
Action.c(237): Found resource "http://lt-dev.pflb.ru:8080/css/images/Master_credit.png" in HTML "http://lt-dev.pflb.ru:8080/app/views/shoppingCart.html"  	[MsgId: MMSG-26659]
Action.c(237): Found resource "http://lt-dev.pflb.ru:8080/css/images/SafePay.png" in HTML "http://lt-dev.pflb.ru:8080/app/views/shoppingCart.html"  	[MsgId: MMSG-26659]
Action.c(237): web_url("shoppingCart.html") was successful, 12141 body bytes, 805 header bytes  	[MsgId: MMSG-26386]
Action.c(247): Notify: Transaction "UC05_T02_go_to_orders" ended with a "Pass" status (Duration: 0,1152).	[MsgId: MMSG-16873]
Action.c(248): Notify: Transaction "Go_to_orders" ended with a "Pass" status (Duration: 0,1153).	[MsgId: MMSG-16873]
Action.c(250): lr_think_time: 40,00 seconds.	[MsgId: MMSG-15948]
Action.c(251): Notify: Transaction "Remove_products" started.	[MsgId: MMSG-16999]
Action.c(253): Notify: Transaction "UC05_T03_remove_products" started.	[MsgId: MMSG-16999]
Action.c(291): Error: Корзина пуста!	[MsgId: MERR-17999]
End auto log messages stack.	[MsgId: MMSG-10544]


Start auto log messages stack - Iteration 4.	[MsgId: MMSG-10545]
Action.c(237): web_url("shoppingCart.html") started  	[MsgId: MMSG-26355]
Action.c(237): Found resource "http://lt-dev.pflb.ru:8080/css/images/Master_credit.png" in HTML "http://lt-dev.pflb.ru:8080/app/views/shoppingCart.html"  	[MsgId: MMSG-26659]
Action.c(237): Found resource "http://lt-dev.pflb.ru:8080/css/images/SafePay.png" in HTML "http://lt-dev.pflb.ru:8080/app/views/shoppingCart.html"  	[MsgId: MMSG-26659]
Action.c(237): web_url("shoppingCart.html") was successful, 12141 body bytes, 805 header bytes  	[MsgId: MMSG-26386]
Action.c(247): Notify: Transaction "UC05_T02_go_to_orders" ended with a "Pass" status (Duration: 0,1637).	[MsgId: MMSG-16873]
Action.c(248): Notify: Transaction "Go_to_orders" ended with a "Pass" status (Duration: 0,1638).	[MsgId: MMSG-16873]
Action.c(250): lr_think_time: 40,00 seconds.	[MsgId: MMSG-15948]
Action.c(251): Notify: Transaction "Remove_products" started.	[MsgId: MMSG-16999]
Action.c(253): Notify: Transaction "UC05_T03_remove_products" started.	[MsgId: MMSG-16999]
Action.c(291): Error: Корзина пуста!	[MsgId: MERR-17999]
End auto log messages stack.	[MsgId: MMSG-10544]


Start auto log messages stack - Iteration 4.	[MsgId: MMSG-10545]
Action.c(237): web_url("shoppingCart.html") started  	[MsgId: MMSG-26355]
Action.c(237): Found resource "http://lt-dev.pflb.ru:8080/css/images/Master_credit.png" in HTML "http://lt-dev.pflb.ru:8080/app/views/shoppingCart.html"  	[MsgId: MMSG-26659]
Action.c(237): Found resource "http://lt-dev.pflb.ru:8080/css/images/SafePay.png" in HTML "http://lt-dev.pflb.ru:8080/app/views/shoppingCart.html"  	[MsgId: MMSG-26659]
Action.c(237): web_url("shoppingCart.html") was successful, 12141 body bytes, 805 header bytes  	[MsgId: MMSG-26386]
Action.c(247): Notify: Transaction "UC05_T02_go_to_orders" ended with a "Pass" status (Duration: 0,1624).	[MsgId: MMSG-16873]
Action.c(248): Notify: Transaction "Go_to_orders" ended with a "Pass" status (Duration: 0,1625).	[MsgId: MMSG-16873]
Action.c(250): lr_think_time: 40,00 seconds.	[MsgId: MMSG-15948]
Action.c(251): Notify: Transaction "Remove_products" started.	[MsgId: MMSG-16999]
Action.c(253): Notify: Transaction "UC05_T03_remove_products" started.	[MsgId: MMSG-16999]
Action.c(291): Error: Корзина пуста!	[MsgId: MERR-17999]
End auto log messages stack.	[MsgId: MMSG-10544]


Start auto log messages stack - Iteration 4.	[MsgId: MMSG-10545]
Action.c(237): web_url("shoppingCart.html") started  	[MsgId: MMSG-26355]
Action.c(237): Found resource "http://lt-dev.pflb.ru:8080/css/images/Master_credit.png" in HTML "http://lt-dev.pflb.ru:8080/app/views/shoppingCart.html"  	[MsgId: MMSG-26659]
Action.c(237): Found resource "http://lt-dev.pflb.ru:8080/css/images/SafePay.png" in HTML "http://lt-dev.pflb.ru:8080/app/views/shoppingCart.html"  	[MsgId: MMSG-26659]
Action.c(237): web_url("shoppingCart.html") was successful, 12141 body bytes, 805 header bytes  	[MsgId: MMSG-26386]
Action.c(247): Notify: Transaction "UC05_T02_go_to_orders" ended with a "Pass" status (Duration: 0,1588).	[MsgId: MMSG-16873]
Action.c(248): Notify: Transaction "Go_to_orders" ended with a "Pass" status (Duration: 0,1589).	[MsgId: MMSG-16873]
Action.c(250): lr_think_time: 40,00 seconds.	[MsgId: MMSG-15948]
Action.c(251): Notify: Transaction "Remove_products" started.	[MsgId: MMSG-16999]
Action.c(253): Notify: Transaction "UC05_T03_remove_products" started.	[MsgId: MMSG-16999]
Action.c(291): Error: Корзина пуста!	[MsgId: MERR-17999]
End auto log messages stack.	[MsgId: MMSG-10544]


Start auto log messages stack - Iteration 2.	[MsgId: MMSG-10545]
Action.c(237): web_url("shoppingCart.html") started  	[MsgId: MMSG-26355]
Action.c(237): Found resource "http://lt-dev.pflb.ru:8080/css/images/Master_credit.png" in HTML "http://lt-dev.pflb.ru:8080/app/views/shoppingCart.html"  	[MsgId: MMSG-26659]
Action.c(237): Found resource "http://lt-dev.pflb.ru:8080/css/images/SafePay.png" in HTML "http://lt-dev.pflb.ru:8080/app/views/shoppingCart.html"  	[MsgId: MMSG-26659]
Action.c(237): web_url("shoppingCart.html") was successful, 12141 body bytes, 805 header bytes  	[MsgId: MMSG-26386]
Action.c(247): Notify: Transaction "UC05_T02_go_to_orders" ended with a "Pass" status (Duration: 0,1302).	[MsgId: MMSG-16873]
Action.c(248): Notify: Transaction "Go_to_orders" ended with a "Pass" status (Duration: 0,1303).	[MsgId: MMSG-16873]
Action.c(250): lr_think_time: 40,00 seconds.	[MsgId: MMSG-15948]
Action.c(251): Notify: Transaction "Remove_products" started.	[MsgId: MMSG-16999]
Action.c(253): Notify: Transaction "UC05_T03_remove_products" started.	[MsgId: MMSG-16999]
Action.c(291): Error: Корзина пуста!	[MsgId: MERR-17999]
End auto log messages stack.	[MsgId: MMSG-10544]


Start auto log messages stack - Iteration 4.	[MsgId: MMSG-10545]
Action.c(237): web_url("shoppingCart.html") started  	[MsgId: MMSG-26355]
Action.c(237): Found resource "http://lt-dev.pflb.ru:8080/css/images/Master_credit.png" in HTML "http://lt-dev.pflb.ru:8080/app/views/shoppingCart.html"  	[MsgId: MMSG-26659]
Action.c(237): Found resource "http://lt-dev.pflb.ru:8080/css/images/SafePay.png" in HTML "http://lt-dev.pflb.ru:8080/app/views/shoppingCart.html"  	[MsgId: MMSG-26659]
Action.c(237): web_url("shoppingCart.html") was successful, 12141 body bytes, 805 header bytes  	[MsgId: MMSG-26386]
Action.c(247): Notify: Transaction "UC05_T02_go_to_orders" ended with a "Pass" status (Duration: 0,1201).	[MsgId: MMSG-16873]
Action.c(248): Notify: Transaction "Go_to_orders" ended with a "Pass" status (Duration: 0,1201).	[MsgId: MMSG-16873]
Action.c(250): lr_think_time: 40,00 seconds.	[MsgId: MMSG-15948]
Action.c(251): Notify: Transaction "Remove_products" started.	[MsgId: MMSG-16999]
Action.c(253): Notify: Transaction "UC05_T03_remove_products" started.	[MsgId: MMSG-16999]
Action.c(291): Error: Корзина пуста!	[MsgId: MERR-17999]
End auto log messages stack.	[MsgId: MMSG-10544]


Start auto log messages stack - Iteration 1.	[MsgId: MMSG-10545]
Action.c(237): web_url("shoppingCart.html") started  	[MsgId: MMSG-26355]
Action.c(237): Found resource "http://lt-dev.pflb.ru:8080/css/images/Master_credit.png" in HTML "http://lt-dev.pflb.ru:8080/app/views/shoppingCart.html"  	[MsgId: MMSG-26659]
Action.c(237): Found resource "http://lt-dev.pflb.ru:8080/css/images/SafePay.png" in HTML "http://lt-dev.pflb.ru:8080/app/views/shoppingCart.html"  	[MsgId: MMSG-26659]
Action.c(237): web_url("shoppingCart.html") was successful, 12141 body bytes, 805 header bytes  	[MsgId: MMSG-26386]
Action.c(247): Notify: Transaction "UC05_T02_go_to_orders" ended with a "Pass" status (Duration: 0,1647).	[MsgId: MMSG-16873]
Action.c(248): Notify: Transaction "Go_to_orders" ended with a "Pass" status (Duration: 0,1648).	[MsgId: MMSG-16873]
Action.c(250): lr_think_time: 40,00 seconds.	[MsgId: MMSG-15948]
Action.c(251): Notify: Transaction "Remove_products" started.	[MsgId: MMSG-16999]
Action.c(253): Notify: Transaction "UC05_T03_remove_products" started.	[MsgId: MMSG-16999]
Action.c(291): Error: Корзина пуста!	[MsgId: MERR-17999]
End auto log messages stack.	[MsgId: MMSG-10544]


Start auto log messages stack - Iteration 3.	[MsgId: MMSG-10545]
Action.c(237): web_url("shoppingCart.html") started  	[MsgId: MMSG-26355]
Action.c(237): Found resource "http://lt-dev.pflb.ru:8080/css/images/Master_credit.png" in HTML "http://lt-dev.pflb.ru:8080/app/views/shoppingCart.html"  	[MsgId: MMSG-26659]
Action.c(237): Found resource "http://lt-dev.pflb.ru:8080/css/images/SafePay.png" in HTML "http://lt-dev.pflb.ru:8080/app/views/shoppingCart.html"  	[MsgId: MMSG-26659]
Action.c(237): web_url("shoppingCart.html") was successful, 12141 body bytes, 805 header bytes  	[MsgId: MMSG-26386]
Action.c(247): Notify: Transaction "UC05_T02_go_to_orders" ended with a "Pass" status (Duration: 0,1552).	[MsgId: MMSG-16873]
Action.c(248): Notify: Transaction "Go_to_orders" ended with a "Pass" status (Duration: 0,1553).	[MsgId: MMSG-16873]
Action.c(250): lr_think_time: 40,00 seconds.	[MsgId: MMSG-15948]
Action.c(251): Notify: Transaction "Remove_products" started.	[MsgId: MMSG-16999]
Action.c(253): Notify: Transaction "UC05_T03_remove_products" started.	[MsgId: MMSG-16999]
Action.c(291): Error: Корзина пуста!	[MsgId: MERR-17999]
End auto log messages stack.	[MsgId: MMSG-10544]


Start auto log messages stack - Iteration 5.	[MsgId: MMSG-10545]
Action.c(237): web_url("shoppingCart.html") started  	[MsgId: MMSG-26355]
Action.c(237): Found resource "http://lt-dev.pflb.ru:8080/css/images/Master_credit.png" in HTML "http://lt-dev.pflb.ru:8080/app/views/shoppingCart.html"  	[MsgId: MMSG-26659]
Action.c(237): Found resource "http://lt-dev.pflb.ru:8080/css/images/SafePay.png" in HTML "http://lt-dev.pflb.ru:8080/app/views/shoppingCart.html"  	[MsgId: MMSG-26659]
Action.c(237): web_url("shoppingCart.html") was successful, 12141 body bytes, 805 header bytes  	[MsgId: MMSG-26386]
Action.c(247): Notify: Transaction "UC05_T02_go_to_orders" ended with a "Pass" status (Duration: 0,1913).	[MsgId: MMSG-16873]
Action.c(248): Notify: Transaction "Go_to_orders" ended with a "Pass" status (Duration: 0,1914).	[MsgId: MMSG-16873]
Action.c(250): lr_think_time: 40,00 seconds.	[MsgId: MMSG-15948]
Action.c(251): Notify: Transaction "Remove_products" started.	[MsgId: MMSG-16999]
Action.c(253): Notify: Transaction "UC05_T03_remove_products" started.	[MsgId: MMSG-16999]
Action.c(291): Error: Корзина пуста!	[MsgId: MERR-17999]
End auto log messages stack.	[MsgId: MMSG-10544]


Start auto log messages stack - Iteration 5.	[MsgId: MMSG-10545]
Action.c(237): web_url("shoppingCart.html") started  	[MsgId: MMSG-26355]
Action.c(237): Found resource "http://lt-dev.pflb.ru:8080/css/images/Master_credit.png" in HTML "http://lt-dev.pflb.ru:8080/app/views/shoppingCart.html"  	[MsgId: MMSG-26659]
Action.c(237): Found resource "http://lt-dev.pflb.ru:8080/css/images/SafePay.png" in HTML "http://lt-dev.pflb.ru:8080/app/views/shoppingCart.html"  	[MsgId: MMSG-26659]
Action.c(237): web_url("shoppingCart.html") was successful, 12141 body bytes, 805 header bytes  	[MsgId: MMSG-26386]
Action.c(247): Notify: Transaction "UC05_T02_go_to_orders" ended with a "Pass" status (Duration: 0,1573).	[MsgId: MMSG-16873]
Action.c(248): Notify: Transaction "Go_to_orders" ended with a "Pass" status (Duration: 0,1574).	[MsgId: MMSG-16873]
Action.c(250): lr_think_time: 40,00 seconds.	[MsgId: MMSG-15948]
Action.c(251): Notify: Transaction "Remove_products" started.	[MsgId: MMSG-16999]
Action.c(253): Notify: Transaction "UC05_T03_remove_products" started.	[MsgId: MMSG-16999]
Action.c(291): Error: Корзина пуста!	[MsgId: MERR-17999]
End auto log messages stack.	[MsgId: MMSG-10544]


Start auto log messages stack - Iteration 5.	[MsgId: MMSG-10545]
Action.c(237): web_url("shoppingCart.html") started  	[MsgId: MMSG-26355]
Action.c(237): Found resource "http://lt-dev.pflb.ru:8080/css/images/Master_credit.png" in HTML "http://lt-dev.pflb.ru:8080/app/views/shoppingCart.html"  	[MsgId: MMSG-26659]
Action.c(237): Found resource "http://lt-dev.pflb.ru:8080/css/images/SafePay.png" in HTML "http://lt-dev.pflb.ru:8080/app/views/shoppingCart.html"  	[MsgId: MMSG-26659]
Action.c(237): web_url("shoppingCart.html") was successful, 12141 body bytes, 805 header bytes  	[MsgId: MMSG-26386]
Action.c(247): Notify: Transaction "UC05_T02_go_to_orders" ended with a "Pass" status (Duration: 0,1724).	[MsgId: MMSG-16873]
Action.c(248): Notify: Transaction "Go_to_orders" ended with a "Pass" status (Duration: 0,1725).	[MsgId: MMSG-16873]
Action.c(250): lr_think_time: 40,00 seconds.	[MsgId: MMSG-15948]
Action.c(251): Notify: Transaction "Remove_products" started.	[MsgId: MMSG-16999]
Action.c(253): Notify: Transaction "UC05_T03_remove_products" started.	[MsgId: MMSG-16999]
Action.c(291): Error: Корзина пуста!	[MsgId: MERR-17999]
End auto log messages stack.	[MsgId: MMSG-10544]


Start auto log messages stack - Iteration 5.	[MsgId: MMSG-10545]
Action.c(237): web_url("shoppingCart.html") started  	[MsgId: MMSG-26355]
Action.c(237): Found resource "http://lt-dev.pflb.ru:8080/css/images/Master_credit.png" in HTML "http://lt-dev.pflb.ru:8080/app/views/shoppingCart.html"  	[MsgId: MMSG-26659]
Action.c(237): Found resource "http://lt-dev.pflb.ru:8080/css/images/SafePay.png" in HTML "http://lt-dev.pflb.ru:8080/app/views/shoppingCart.html"  	[MsgId: MMSG-26659]
Action.c(237): web_url("shoppingCart.html") was successful, 12141 body bytes, 805 header bytes  	[MsgId: MMSG-26386]
Action.c(247): Notify: Transaction "UC05_T02_go_to_orders" ended with a "Pass" status (Duration: 0,1641).	[MsgId: MMSG-16873]
Action.c(248): Notify: Transaction "Go_to_orders" ended with a "Pass" status (Duration: 0,1641).	[MsgId: MMSG-16873]
Action.c(250): lr_think_time: 40,00 seconds.	[MsgId: MMSG-15948]
Action.c(251): Notify: Transaction "Remove_products" started.	[MsgId: MMSG-16999]
Action.c(253): Notify: Transaction "UC05_T03_remove_products" started.	[MsgId: MMSG-16999]
Action.c(291): Error: Корзина пуста!	[MsgId: MERR-17999]
End auto log messages stack.	[MsgId: MMSG-10544]


Start auto log messages stack - Iteration 3.	[MsgId: MMSG-10545]
Action.c(237): web_url("shoppingCart.html") started  	[MsgId: MMSG-26355]
Action.c(237): Found resource "http://lt-dev.pflb.ru:8080/css/images/Master_credit.png" in HTML "http://lt-dev.pflb.ru:8080/app/views/shoppingCart.html"  	[MsgId: MMSG-26659]
Action.c(237): Found resource "http://lt-dev.pflb.ru:8080/css/images/SafePay.png" in HTML "http://lt-dev.pflb.ru:8080/app/views/shoppingCart.html"  	[MsgId: MMSG-26659]
Action.c(237): web_url("shoppingCart.html") was successful, 12141 body bytes, 805 header bytes  	[MsgId: MMSG-26386]
Action.c(247): Notify: Transaction "UC05_T02_go_to_orders" ended with a "Pass" status (Duration: 0,1689).	[MsgId: MMSG-16873]
Action.c(248): Notify: Transaction "Go_to_orders" ended with a "Pass" status (Duration: 0,1690).	[MsgId: MMSG-16873]
Action.c(250): lr_think_time: 40,00 seconds.	[MsgId: MMSG-15948]
Action.c(251): Notify: Transaction "Remove_products" started.	[MsgId: MMSG-16999]
Action.c(253): Notify: Transaction "UC05_T03_remove_products" started.	[MsgId: MMSG-16999]
Action.c(291): Error: Корзина пуста!	[MsgId: MERR-17999]
End auto log messages stack.	[MsgId: MMSG-10544]


Start auto log messages stack - Iteration 5.	[MsgId: MMSG-10545]
Action.c(237): web_url("shoppingCart.html") started  	[MsgId: MMSG-26355]
Action.c(237): Found resource "http://lt-dev.pflb.ru:8080/css/images/Master_credit.png" in HTML "http://lt-dev.pflb.ru:8080/app/views/shoppingCart.html"  	[MsgId: MMSG-26659]
Action.c(237): Found resource "http://lt-dev.pflb.ru:8080/css/images/SafePay.png" in HTML "http://lt-dev.pflb.ru:8080/app/views/shoppingCart.html"  	[MsgId: MMSG-26659]
Action.c(237): web_url("shoppingCart.html") was successful, 12141 body bytes, 805 header bytes  	[MsgId: MMSG-26386]
Action.c(247): Notify: Transaction "UC05_T02_go_to_orders" ended with a "Pass" status (Duration: 0,1247).	[MsgId: MMSG-16873]
Action.c(248): Notify: Transaction "Go_to_orders" ended with a "Pass" status (Duration: 0,1248).	[MsgId: MMSG-16873]
Action.c(250): lr_think_time: 40,00 seconds.	[MsgId: MMSG-15948]
Action.c(251): Notify: Transaction "Remove_products" started.	[MsgId: MMSG-16999]
Action.c(253): Notify: Transaction "UC05_T03_remove_products" started.	[MsgId: MMSG-16999]
Action.c(291): Error: Корзина пуста!	[MsgId: MERR-17999]
End auto log messages stack.	[MsgId: MMSG-10544]


Start auto log messages stack - Iteration 4.	[MsgId: MMSG-10545]
Action.c(237): web_url("shoppingCart.html") started  	[MsgId: MMSG-26355]
Action.c(237): Found resource "http://lt-dev.pflb.ru:8080/css/images/Master_credit.png" in HTML "http://lt-dev.pflb.ru:8080/app/views/shoppingCart.html"  	[MsgId: MMSG-26659]
Action.c(237): Found resource "http://lt-dev.pflb.ru:8080/css/images/SafePay.png" in HTML "http://lt-dev.pflb.ru:8080/app/views/shoppingCart.html"  	[MsgId: MMSG-26659]
Action.c(237): web_url("shoppingCart.html") was successful, 12141 body bytes, 805 header bytes  	[MsgId: MMSG-26386]
Action.c(247): Notify: Transaction "UC05_T02_go_to_orders" ended with a "Pass" status (Duration: 0,1190).	[MsgId: MMSG-16873]
Action.c(248): Notify: Transaction "Go_to_orders" ended with a "Pass" status (Duration: 0,1190).	[MsgId: MMSG-16873]
Action.c(250): lr_think_time: 40,00 seconds.	[MsgId: MMSG-15948]
Action.c(251): Notify: Transaction "Remove_products" started.	[MsgId: MMSG-16999]
Action.c(253): Notify: Transaction "UC05_T03_remove_products" started.	[MsgId: MMSG-16999]
Action.c(291): Error: Корзина пуста!	[MsgId: MERR-17999]
End auto log messages stack.	[MsgId: MMSG-10544]


Start auto log messages stack - Iteration 6.	[MsgId: MMSG-10545]
Action.c(237): web_url("shoppingCart.html") started  	[MsgId: MMSG-26355]
Action.c(237): Found resource "http://lt-dev.pflb.ru:8080/css/images/Master_credit.png" in HTML "http://lt-dev.pflb.ru:8080/app/views/shoppingCart.html"  	[MsgId: MMSG-26659]
Action.c(237): Found resource "http://lt-dev.pflb.ru:8080/css/images/SafePay.png" in HTML "http://lt-dev.pflb.ru:8080/app/views/shoppingCart.html"  	[MsgId: MMSG-26659]
Action.c(237): web_url("shoppingCart.html") was successful, 12141 body bytes, 805 header bytes  	[MsgId: MMSG-26386]
Action.c(247): Notify: Transaction "UC05_T02_go_to_orders" ended with a "Pass" status (Duration: 0,1578).	[MsgId: MMSG-16873]
Action.c(248): Notify: Transaction "Go_to_orders" ended with a "Pass" status (Duration: 0,1579).	[MsgId: MMSG-16873]
Action.c(250): lr_think_time: 40,00 seconds.	[MsgId: MMSG-15948]
Action.c(251): Notify: Transaction "Remove_products" started.	[MsgId: MMSG-16999]
Action.c(253): Notify: Transaction "UC05_T03_remove_products" started.	[MsgId: MMSG-16999]
Action.c(291): Error: Корзина пуста!	[MsgId: MERR-17999]
End auto log messages stack.	[MsgId: MMSG-10544]


Start auto log messages stack - Iteration 2.	[MsgId: MMSG-10545]
Action.c(237): web_url("shoppingCart.html") started  	[MsgId: MMSG-26355]
Action.c(237): Found resource "http://lt-dev.pflb.ru:8080/css/images/Master_credit.png" in HTML "http://lt-dev.pflb.ru:8080/app/views/shoppingCart.html"  	[MsgId: MMSG-26659]
Action.c(237): Found resource "http://lt-dev.pflb.ru:8080/css/images/SafePay.png" in HTML "http://lt-dev.pflb.ru:8080/app/views/shoppingCart.html"  	[MsgId: MMSG-26659]
Action.c(237): web_url("shoppingCart.html") was successful, 12141 body bytes, 805 header bytes  	[MsgId: MMSG-26386]
Action.c(247): Notify: Transaction "UC05_T02_go_to_orders" ended with a "Pass" status (Duration: 0,1632).	[MsgId: MMSG-16873]
Action.c(248): Notify: Transaction "Go_to_orders" ended with a "Pass" status (Duration: 0,1633).	[MsgId: MMSG-16873]
Action.c(250): lr_think_time: 40,00 seconds.	[MsgId: MMSG-15948]
Action.c(251): Notify: Transaction "Remove_products" started.	[MsgId: MMSG-16999]
Action.c(253): Notify: Transaction "UC05_T03_remove_products" started.	[MsgId: MMSG-16999]
Action.c(291): Error: Корзина пуста!	[MsgId: MERR-17999]
End auto log messages stack.	[MsgId: MMSG-10544]


Start auto log messages stack - Iteration 1.	[MsgId: MMSG-10545]
Action.c(237): web_url("shoppingCart.html") started  	[MsgId: MMSG-26355]
Action.c(237): Found resource "http://lt-dev.pflb.ru:8080/css/images/Master_credit.png" in HTML "http://lt-dev.pflb.ru:8080/app/views/shoppingCart.html"  	[MsgId: MMSG-26659]
Action.c(237): Found resource "http://lt-dev.pflb.ru:8080/css/images/SafePay.png" in HTML "http://lt-dev.pflb.ru:8080/app/views/shoppingCart.html"  	[MsgId: MMSG-26659]
Action.c(237): web_url("shoppingCart.html") was successful, 12141 body bytes, 805 header bytes  	[MsgId: MMSG-26386]
Action.c(247): Notify: Transaction "UC05_T02_go_to_orders" ended with a "Pass" status (Duration: 0,1254).	[MsgId: MMSG-16873]
Action.c(248): Notify: Transaction "Go_to_orders" ended with a "Pass" status (Duration: 0,1254).	[MsgId: MMSG-16873]
Action.c(250): lr_think_time: 40,00 seconds.	[MsgId: MMSG-15948]
Action.c(251): Notify: Transaction "Remove_products" started.	[MsgId: MMSG-16999]
Action.c(253): Notify: Transaction "UC05_T03_remove_products" started.	[MsgId: MMSG-16999]
Action.c(291): Error: Корзина пуста!	[MsgId: MERR-17999]
End auto log messages stack.	[MsgId: MMSG-10544]


Start auto log messages stack - Iteration 6.	[MsgId: MMSG-10545]
Action.c(237): web_url("shoppingCart.html") started  	[MsgId: MMSG-26355]
Action.c(237): Found resource "http://lt-dev.pflb.ru:8080/css/images/Master_credit.png" in HTML "http://lt-dev.pflb.ru:8080/app/views/shoppingCart.html"  	[MsgId: MMSG-26659]
Action.c(237): Found resource "http://lt-dev.pflb.ru:8080/css/images/SafePay.png" in HTML "http://lt-dev.pflb.ru:8080/app/views/shoppingCart.html"  	[MsgId: MMSG-26659]
Action.c(237): web_url("shoppingCart.html") was successful, 12141 body bytes, 805 header bytes  	[MsgId: MMSG-26386]
Action.c(247): Notify: Transaction "UC05_T02_go_to_orders" ended with a "Pass" status (Duration: 0,1549).	[MsgId: MMSG-16873]
Action.c(248): Notify: Transaction "Go_to_orders" ended with a "Pass" status (Duration: 0,1550).	[MsgId: MMSG-16873]
Action.c(250): lr_think_time: 40,00 seconds.	[MsgId: MMSG-15948]
Action.c(251): Notify: Transaction "Remove_products" started.	[MsgId: MMSG-16999]
Action.c(253): Notify: Transaction "UC05_T03_remove_products" started.	[MsgId: MMSG-16999]
Action.c(291): Error: Корзина пуста!	[MsgId: MERR-17999]
End auto log messages stack.	[MsgId: MMSG-10544]


Start auto log messages stack - Iteration 6.	[MsgId: MMSG-10545]
Action.c(237): web_url("shoppingCart.html") started  	[MsgId: MMSG-26355]
Action.c(237): Found resource "http://lt-dev.pflb.ru:8080/css/images/Master_credit.png" in HTML "http://lt-dev.pflb.ru:8080/app/views/shoppingCart.html"  	[MsgId: MMSG-26659]
Action.c(237): Found resource "http://lt-dev.pflb.ru:8080/css/images/SafePay.png" in HTML "http://lt-dev.pflb.ru:8080/app/views/shoppingCart.html"  	[MsgId: MMSG-26659]
Action.c(237): web_url("shoppingCart.html") was successful, 12141 body bytes, 805 header bytes  	[MsgId: MMSG-26386]
Action.c(247): Notify: Transaction "UC05_T02_go_to_orders" ended with a "Pass" status (Duration: 0,1772).	[MsgId: MMSG-16873]
Action.c(248): Notify: Transaction "Go_to_orders" ended with a "Pass" status (Duration: 0,1773).	[MsgId: MMSG-16873]
Action.c(250): lr_think_time: 40,00 seconds.	[MsgId: MMSG-15948]
Action.c(251): Notify: Transaction "Remove_products" started.	[MsgId: MMSG-16999]
Action.c(253): Notify: Transaction "UC05_T03_remove_products" started.	[MsgId: MMSG-16999]
Action.c(291): Error: Корзина пуста!	[MsgId: MERR-17999]
End auto log messages stack.	[MsgId: MMSG-10544]


Start auto log messages stack - Iteration 6.	[MsgId: MMSG-10545]
Action.c(237): web_url("shoppingCart.html") started  	[MsgId: MMSG-26355]
Action.c(237): Found resource "http://lt-dev.pflb.ru:8080/css/images/Master_credit.png" in HTML "http://lt-dev.pflb.ru:8080/app/views/shoppingCart.html"  	[MsgId: MMSG-26659]
Action.c(237): Found resource "http://lt-dev.pflb.ru:8080/css/images/SafePay.png" in HTML "http://lt-dev.pflb.ru:8080/app/views/shoppingCart.html"  	[MsgId: MMSG-26659]
Action.c(237): web_url("shoppingCart.html") was successful, 12141 body bytes, 805 header bytes  	[MsgId: MMSG-26386]
Action.c(247): Notify: Transaction "UC05_T02_go_to_orders" ended with a "Pass" status (Duration: 0,1630).	[MsgId: MMSG-16873]
Action.c(248): Notify: Transaction "Go_to_orders" ended with a "Pass" status (Duration: 0,1630).	[MsgId: MMSG-16873]
Action.c(250): lr_think_time: 40,00 seconds.	[MsgId: MMSG-15948]
Action.c(251): Notify: Transaction "Remove_products" started.	[MsgId: MMSG-16999]
Action.c(253): Notify: Transaction "UC05_T03_remove_products" started.	[MsgId: MMSG-16999]
Action.c(291): Error: Корзина пуста!	[MsgId: MERR-17999]
End auto log messages stack.	[MsgId: MMSG-10544]


Start auto log messages stack - Iteration 7.	[MsgId: MMSG-10545]
Action.c(237): web_url("shoppingCart.html") started  	[MsgId: MMSG-26355]
Action.c(237): Found resource "http://lt-dev.pflb.ru:8080/css/images/Master_credit.png" in HTML "http://lt-dev.pflb.ru:8080/app/views/shoppingCart.html"  	[MsgId: MMSG-26659]
Action.c(237): Found resource "http://lt-dev.pflb.ru:8080/css/images/SafePay.png" in HTML "http://lt-dev.pflb.ru:8080/app/views/shoppingCart.html"  	[MsgId: MMSG-26659]
Action.c(237): web_url("shoppingCart.html") was successful, 12141 body bytes, 805 header bytes  	[MsgId: MMSG-26386]
Action.c(247): Notify: Transaction "UC05_T02_go_to_orders" ended with a "Pass" status (Duration: 0,1642).	[MsgId: MMSG-16873]
Action.c(248): Notify: Transaction "Go_to_orders" ended with a "Pass" status (Duration: 0,1642).	[MsgId: MMSG-16873]
Action.c(250): lr_think_time: 40,00 seconds.	[MsgId: MMSG-15948]
Action.c(251): Notify: Transaction "Remove_products" started.	[MsgId: MMSG-16999]
Action.c(253): Notify: Transaction "UC05_T03_remove_products" started.	[MsgId: MMSG-16999]
Action.c(291): Error: Корзина пуста!	[MsgId: MERR-17999]
End auto log messages stack.	[MsgId: MMSG-10544]


Start auto log messages stack - Iteration 4.	[MsgId: MMSG-10545]
Start auto log messages stack - Iteration 2.	[MsgId: MMSG-10545]
Action.c(237): web_url("shoppingCart.html") started  	[MsgId: MMSG-26355]
Action.c(237): Found resource "http://lt-dev.pflb.ru:8080/css/images/Master_credit.png" in HTML "http://lt-dev.pflb.ru:8080/app/views/shoppingCart.html"  	[MsgId: MMSG-26659]
Action.c(237): web_url("shoppingCart.html") started  	[MsgId: MMSG-26355]
Action.c(237): Found resource "http://lt-dev.pflb.ru:8080/css/images/Master_credit.png" in HTML "http://lt-dev.pflb.ru:8080/app/views/shoppingCart.html"  	[MsgId: MMSG-26659]
Action.c(237): Found resource "http://lt-dev.pflb.ru:8080/css/images/SafePay.png" in HTML "http://lt-dev.pflb.ru:8080/app/views/shoppingCart.html"  	[MsgId: MMSG-26659]
Action.c(237): Found resource "http://lt-dev.pflb.ru:8080/css/images/SafePay.png" in HTML "http://lt-dev.pflb.ru:8080/app/views/shoppingCart.html"  	[MsgId: MMSG-26659]
Action.c(237): web_url("shoppingCart.html") was successful, 12141 body bytes, 805 header bytes  	[MsgId: MMSG-26386]
Action.c(237): web_url("shoppingCart.html") was successful, 12141 body bytes, 805 header bytes  	[MsgId: MMSG-26386]
Action.c(247): Notify: Transaction "UC05_T02_go_to_orders" ended with a "Pass" status (Duration: 0,1316).	[MsgId: MMSG-16873]
Action.c(248): Notify: Transaction "Go_to_orders" ended with a "Pass" status (Duration: 0,1317).	[MsgId: MMSG-16873]
Action.c(247): Notify: Transaction "UC05_T02_go_to_orders" ended with a "Pass" status (Duration: 0,1290).	[MsgId: MMSG-16873]
Action.c(250): lr_think_time: 40,00 seconds.	[MsgId: MMSG-15948]
Action.c(248): Notify: Transaction "Go_to_orders" ended with a "Pass" status (Duration: 0,1291).	[MsgId: MMSG-16873]
Action.c(251): Notify: Transaction "Remove_products" started.	[MsgId: MMSG-16999]
Action.c(250): lr_think_time: 40,00 seconds.	[MsgId: MMSG-15948]
Action.c(253): Notify: Transaction "UC05_T03_remove_products" started.	[MsgId: MMSG-16999]
Action.c(251): Notify: Transaction "Remove_products" started.	[MsgId: MMSG-16999]
Action.c(291): Error: Корзина пуста!	[MsgId: MERR-17999]
Action.c(253): Notify: Transaction "UC05_T03_remove_products" started.	[MsgId: MMSG-16999]
Action.c(291): Error: Корзина пуста!	[MsgId: MERR-17999]
End auto log messages stack.	[MsgId: MMSG-10544]
End auto log messages stack.	[MsgId: MMSG-10544]




Start auto log messages stack - Iteration 1.	[MsgId: MMSG-10545]
Action.c(237): web_url("shoppingCart.html") started  	[MsgId: MMSG-26355]
Action.c(237): Found resource "http://lt-dev.pflb.ru:8080/css/images/Master_credit.png" in HTML "http://lt-dev.pflb.ru:8080/app/views/shoppingCart.html"  	[MsgId: MMSG-26659]
Action.c(237): Found resource "http://lt-dev.pflb.ru:8080/css/images/SafePay.png" in HTML "http://lt-dev.pflb.ru:8080/app/views/shoppingCart.html"  	[MsgId: MMSG-26659]
Action.c(237): web_url("shoppingCart.html") was successful, 12141 body bytes, 805 header bytes  	[MsgId: MMSG-26386]
Action.c(247): Notify: Transaction "UC05_T02_go_to_orders" ended with a "Pass" status (Duration: 0,1180).	[MsgId: MMSG-16873]
Action.c(248): Notify: Transaction "Go_to_orders" ended with a "Pass" status (Duration: 0,1181).	[MsgId: MMSG-16873]
Action.c(250): lr_think_time: 40,00 seconds.	[MsgId: MMSG-15948]
Action.c(251): Notify: Transaction "Remove_products" started.	[MsgId: MMSG-16999]
Action.c(253): Notify: Transaction "UC05_T03_remove_products" started.	[MsgId: MMSG-16999]
Action.c(291): Error: Корзина пуста!	[MsgId: MERR-17999]
End auto log messages stack.	[MsgId: MMSG-10544]


Start auto log messages stack - Iteration 5.	[MsgId: MMSG-10545]
Action.c(237): web_url("shoppingCart.html") started  	[MsgId: MMSG-26355]
Action.c(237): Found resource "http://lt-dev.pflb.ru:8080/css/images/Master_credit.png" in HTML "http://lt-dev.pflb.ru:8080/app/views/shoppingCart.html"  	[MsgId: MMSG-26659]
Action.c(237): Found resource "http://lt-dev.pflb.ru:8080/css/images/SafePay.png" in HTML "http://lt-dev.pflb.ru:8080/app/views/shoppingCart.html"  	[MsgId: MMSG-26659]
Action.c(237): web_url("shoppingCart.html") was successful, 12141 body bytes, 805 header bytes  	[MsgId: MMSG-26386]
Action.c(247): Notify: Transaction "UC05_T02_go_to_orders" ended with a "Pass" status (Duration: 0,1550).	[MsgId: MMSG-16873]
Action.c(248): Notify: Transaction "Go_to_orders" ended with a "Pass" status (Duration: 0,1550).	[MsgId: MMSG-16873]
Action.c(250): lr_think_time: 40,00 seconds.	[MsgId: MMSG-15948]
Action.c(251): Notify: Transaction "Remove_products" started.	[MsgId: MMSG-16999]
Action.c(253): Notify: Transaction "UC05_T03_remove_products" started.	[MsgId: MMSG-16999]
Action.c(291): Error: Корзина пуста!	[MsgId: MERR-17999]
End auto log messages stack.	[MsgId: MMSG-10544]


Start auto log messages stack - Iteration 6.	[MsgId: MMSG-10545]
Action.c(237): web_url("shoppingCart.html") started  	[MsgId: MMSG-26355]
Action.c(237): Found resource "http://lt-dev.pflb.ru:8080/css/images/Master_credit.png" in HTML "http://lt-dev.pflb.ru:8080/app/views/shoppingCart.html"  	[MsgId: MMSG-26659]
Action.c(237): Found resource "http://lt-dev.pflb.ru:8080/css/images/SafePay.png" in HTML "http://lt-dev.pflb.ru:8080/app/views/shoppingCart.html"  	[MsgId: MMSG-26659]
Action.c(237): web_url("shoppingCart.html") was successful, 12141 body bytes, 805 header bytes  	[MsgId: MMSG-26386]
Action.c(247): Notify: Transaction "UC05_T02_go_to_orders" ended with a "Pass" status (Duration: 0,1225).	[MsgId: MMSG-16873]
Action.c(248): Notify: Transaction "Go_to_orders" ended with a "Pass" status (Duration: 0,1226).	[MsgId: MMSG-16873]
Action.c(250): lr_think_time: 40,00 seconds.	[MsgId: MMSG-15948]
Action.c(251): Notify: Transaction "Remove_products" started.	[MsgId: MMSG-16999]
Action.c(253): Notify: Transaction "UC05_T03_remove_products" started.	[MsgId: MMSG-16999]
Action.c(291): Error: Корзина пуста!	[MsgId: MERR-17999]
End auto log messages stack.	[MsgId: MMSG-10544]


Start auto log messages stack - Iteration 3.	[MsgId: MMSG-10545]
Action.c(237): web_url("shoppingCart.html") started  	[MsgId: MMSG-26355]
Action.c(237): Found resource "http://lt-dev.pflb.ru:8080/css/images/Master_credit.png" in HTML "http://lt-dev.pflb.ru:8080/app/views/shoppingCart.html"  	[MsgId: MMSG-26659]
Action.c(237): Found resource "http://lt-dev.pflb.ru:8080/css/images/SafePay.png" in HTML "http://lt-dev.pflb.ru:8080/app/views/shoppingCart.html"  	[MsgId: MMSG-26659]
Action.c(237): web_url("shoppingCart.html") was successful, 12141 body bytes, 805 header bytes  	[MsgId: MMSG-26386]
Action.c(247): Notify: Transaction "UC05_T02_go_to_orders" ended with a "Pass" status (Duration: 0,1599).	[MsgId: MMSG-16873]
Action.c(248): Notify: Transaction "Go_to_orders" ended with a "Pass" status (Duration: 0,1600).	[MsgId: MMSG-16873]
Action.c(250): lr_think_time: 40,00 seconds.	[MsgId: MMSG-15948]
Action.c(251): Notify: Transaction "Remove_products" started.	[MsgId: MMSG-16999]
Action.c(253): Notify: Transaction "UC05_T03_remove_products" started.	[MsgId: MMSG-16999]
Action.c(291): Error: Корзина пуста!	[MsgId: MERR-17999]
End auto log messages stack.	[MsgId: MMSG-10544]


Start auto log messages stack - Iteration 7.	[MsgId: MMSG-10545]
Action.c(237): web_url("shoppingCart.html") started  	[MsgId: MMSG-26355]
Action.c(237): Found resource "http://lt-dev.pflb.ru:8080/css/images/Master_credit.png" in HTML "http://lt-dev.pflb.ru:8080/app/views/shoppingCart.html"  	[MsgId: MMSG-26659]
Action.c(237): Found resource "http://lt-dev.pflb.ru:8080/css/images/SafePay.png" in HTML "http://lt-dev.pflb.ru:8080/app/views/shoppingCart.html"  	[MsgId: MMSG-26659]
Action.c(237): web_url("shoppingCart.html") was successful, 12141 body bytes, 805 header bytes  	[MsgId: MMSG-26386]
Action.c(247): Notify: Transaction "UC05_T02_go_to_orders" ended with a "Pass" status (Duration: 0,1677).	[MsgId: MMSG-16873]
Action.c(248): Notify: Transaction "Go_to_orders" ended with a "Pass" status (Duration: 0,1678).	[MsgId: MMSG-16873]
Action.c(250): lr_think_time: 40,00 seconds.	[MsgId: MMSG-15948]
Action.c(251): Notify: Transaction "Remove_products" started.	[MsgId: MMSG-16999]
Action.c(253): Notify: Transaction "UC05_T03_remove_products" started.	[MsgId: MMSG-16999]
Action.c(291): Error: Корзина пуста!	[MsgId: MERR-17999]
End auto log messages stack.	[MsgId: MMSG-10544]


Start auto log messages stack - Iteration 7.	[MsgId: MMSG-10545]
Action.c(237): web_url("shoppingCart.html") started  	[MsgId: MMSG-26355]
Action.c(237): Found resource "http://lt-dev.pflb.ru:8080/css/images/Master_credit.png" in HTML "http://lt-dev.pflb.ru:8080/app/views/shoppingCart.html"  	[MsgId: MMSG-26659]
Action.c(237): Found resource "http://lt-dev.pflb.ru:8080/css/images/SafePay.png" in HTML "http://lt-dev.pflb.ru:8080/app/views/shoppingCart.html"  	[MsgId: MMSG-26659]
Action.c(237): web_url("shoppingCart.html") was successful, 12141 body bytes, 805 header bytes  	[MsgId: MMSG-26386]
Action.c(247): Notify: Transaction "UC05_T02_go_to_orders" ended with a "Pass" status (Duration: 0,1597).	[MsgId: MMSG-16873]
Action.c(248): Notify: Transaction "Go_to_orders" ended with a "Pass" status (Duration: 0,1597).	[MsgId: MMSG-16873]
Action.c(250): lr_think_time: 40,00 seconds.	[MsgId: MMSG-15948]
Action.c(251): Notify: Transaction "Remove_products" started.	[MsgId: MMSG-16999]
Action.c(253): Notify: Transaction "UC05_T03_remove_products" started.	[MsgId: MMSG-16999]
Action.c(291): Error: Корзина пуста!	[MsgId: MERR-17999]
End auto log messages stack.	[MsgId: MMSG-10544]


Start auto log messages stack - Iteration 7.	[MsgId: MMSG-10545]
Action.c(237): web_url("shoppingCart.html") started  	[MsgId: MMSG-26355]
Action.c(237): Found resource "http://lt-dev.pflb.ru:8080/css/images/Master_credit.png" in HTML "http://lt-dev.pflb.ru:8080/app/views/shoppingCart.html"  	[MsgId: MMSG-26659]
Action.c(237): Found resource "http://lt-dev.pflb.ru:8080/css/images/SafePay.png" in HTML "http://lt-dev.pflb.ru:8080/app/views/shoppingCart.html"  	[MsgId: MMSG-26659]
Action.c(237): web_url("shoppingCart.html") was successful, 12141 body bytes, 805 header bytes  	[MsgId: MMSG-26386]
Action.c(247): Notify: Transaction "UC05_T02_go_to_orders" ended with a "Pass" status (Duration: 0,1634).	[MsgId: MMSG-16873]
Action.c(248): Notify: Transaction "Go_to_orders" ended with a "Pass" status (Duration: 0,1635).	[MsgId: MMSG-16873]
Action.c(250): lr_think_time: 40,00 seconds.	[MsgId: MMSG-15948]
Action.c(251): Notify: Transaction "Remove_products" started.	[MsgId: MMSG-16999]
Action.c(253): Notify: Transaction "UC05_T03_remove_products" started.	[MsgId: MMSG-16999]
Action.c(291): Error: Корзина пуста!	[MsgId: MERR-17999]
End auto log messages stack.	[MsgId: MMSG-10544]


Start auto log messages stack - Iteration 4.	[MsgId: MMSG-10545]
Action.c(237): web_url("shoppingCart.html") started  	[MsgId: MMSG-26355]
Action.c(237): Found resource "http://lt-dev.pflb.ru:8080/css/images/Master_credit.png" in HTML "http://lt-dev.pflb.ru:8080/app/views/shoppingCart.html"  	[MsgId: MMSG-26659]
Action.c(237): Found resource "http://lt-dev.pflb.ru:8080/css/images/SafePay.png" in HTML "http://lt-dev.pflb.ru:8080/app/views/shoppingCart.html"  	[MsgId: MMSG-26659]
Action.c(237): web_url("shoppingCart.html") was successful, 12141 body bytes, 805 header bytes  	[MsgId: MMSG-26386]
Action.c(247): Notify: Transaction "UC05_T02_go_to_orders" ended with a "Pass" status (Duration: 0,1525).	[MsgId: MMSG-16873]
Action.c(248): Notify: Transaction "Go_to_orders" ended with a "Pass" status (Duration: 0,1526).	[MsgId: MMSG-16873]
Action.c(250): lr_think_time: 40,00 seconds.	[MsgId: MMSG-15948]
Action.c(251): Notify: Transaction "Remove_products" started.	[MsgId: MMSG-16999]
Action.c(253): Notify: Transaction "UC05_T03_remove_products" started.	[MsgId: MMSG-16999]
Action.c(291): Error: Корзина пуста!	[MsgId: MERR-17999]
End auto log messages stack.	[MsgId: MMSG-10544]


Start auto log messages stack - Iteration 7.	[MsgId: MMSG-10545]
Action.c(237): web_url("shoppingCart.html") started  	[MsgId: MMSG-26355]
Action.c(237): Found resource "http://lt-dev.pflb.ru:8080/css/images/Master_credit.png" in HTML "http://lt-dev.pflb.ru:8080/app/views/shoppingCart.html"  	[MsgId: MMSG-26659]
Action.c(237): Found resource "http://lt-dev.pflb.ru:8080/css/images/SafePay.png" in HTML "http://lt-dev.pflb.ru:8080/app/views/shoppingCart.html"  	[MsgId: MMSG-26659]
Action.c(237): web_url("shoppingCart.html") was successful, 12141 body bytes, 805 header bytes  	[MsgId: MMSG-26386]
Action.c(247): Notify: Transaction "UC05_T02_go_to_orders" ended with a "Pass" status (Duration: 0,1192).	[MsgId: MMSG-16873]
Action.c(248): Notify: Transaction "Go_to_orders" ended with a "Pass" status (Duration: 0,1192).	[MsgId: MMSG-16873]
Action.c(250): lr_think_time: 40,00 seconds.	[MsgId: MMSG-15948]
Action.c(251): Notify: Transaction "Remove_products" started.	[MsgId: MMSG-16999]
Action.c(253): Notify: Transaction "UC05_T03_remove_products" started.	[MsgId: MMSG-16999]
Action.c(291): Error: Корзина пуста!	[MsgId: MERR-17999]
End auto log messages stack.	[MsgId: MMSG-10544]


Start auto log messages stack - Iteration 6.	[MsgId: MMSG-10545]
Action.c(237): web_url("shoppingCart.html") started  	[MsgId: MMSG-26355]
Action.c(237): Found resource "http://lt-dev.pflb.ru:8080/css/images/Master_credit.png" in HTML "http://lt-dev.pflb.ru:8080/app/views/shoppingCart.html"  	[MsgId: MMSG-26659]
Action.c(237): Found resource "http://lt-dev.pflb.ru:8080/css/images/SafePay.png" in HTML "http://lt-dev.pflb.ru:8080/app/views/shoppingCart.html"  	[MsgId: MMSG-26659]
Action.c(237): web_url("shoppingCart.html") was successful, 12141 body bytes, 805 header bytes  	[MsgId: MMSG-26386]
Action.c(247): Notify: Transaction "UC05_T02_go_to_orders" ended with a "Pass" status (Duration: 0,1151).	[MsgId: MMSG-16873]
Action.c(248): Notify: Transaction "Go_to_orders" ended with a "Pass" status (Duration: 0,1153).	[MsgId: MMSG-16873]
Action.c(250): lr_think_time: 40,00 seconds.	[MsgId: MMSG-15948]
Action.c(251): Notify: Transaction "Remove_products" started.	[MsgId: MMSG-16999]
Action.c(253): Notify: Transaction "UC05_T03_remove_products" started.	[MsgId: MMSG-16999]
Action.c(291): Error: Корзина пуста!	[MsgId: MERR-17999]
End auto log messages stack.	[MsgId: MMSG-10544]


Start auto log messages stack - Iteration 2.	[MsgId: MMSG-10545]
Action.c(237): web_url("shoppingCart.html") started  	[MsgId: MMSG-26355]
Action.c(237): Found resource "http://lt-dev.pflb.ru:8080/css/images/Master_credit.png" in HTML "http://lt-dev.pflb.ru:8080/app/views/shoppingCart.html"  	[MsgId: MMSG-26659]
Action.c(237): Found resource "http://lt-dev.pflb.ru:8080/css/images/SafePay.png" in HTML "http://lt-dev.pflb.ru:8080/app/views/shoppingCart.html"  	[MsgId: MMSG-26659]
Action.c(237): web_url("shoppingCart.html") was successful, 12141 body bytes, 805 header bytes  	[MsgId: MMSG-26386]
Action.c(247): Notify: Transaction "UC05_T02_go_to_orders" ended with a "Pass" status (Duration: 0,1230).	[MsgId: MMSG-16873]
Action.c(248): Notify: Transaction "Go_to_orders" ended with a "Pass" status (Duration: 0,1231).	[MsgId: MMSG-16873]
Action.c(250): lr_think_time: 40,00 seconds.	[MsgId: MMSG-15948]
Action.c(251): Notify: Transaction "Remove_products" started.	[MsgId: MMSG-16999]
Action.c(253): Notify: Transaction "UC05_T03_remove_products" started.	[MsgId: MMSG-16999]
Action.c(291): Error: Корзина пуста!	[MsgId: MERR-17999]
End auto log messages stack.	[MsgId: MMSG-10544]


Start auto log messages stack - Iteration 3.	[MsgId: MMSG-10545]
Action.c(237): web_url("shoppingCart.html") started  	[MsgId: MMSG-26355]
Action.c(237): Found resource "http://lt-dev.pflb.ru:8080/css/images/Master_credit.png" in HTML "http://lt-dev.pflb.ru:8080/app/views/shoppingCart.html"  	[MsgId: MMSG-26659]
Action.c(237): Found resource "http://lt-dev.pflb.ru:8080/css/images/SafePay.png" in HTML "http://lt-dev.pflb.ru:8080/app/views/shoppingCart.html"  	[MsgId: MMSG-26659]
Action.c(237): web_url("shoppingCart.html") was successful, 12141 body bytes, 805 header bytes  	[MsgId: MMSG-26386]
Action.c(247): Notify: Transaction "UC05_T02_go_to_orders" ended with a "Pass" status (Duration: 0,1490).	[MsgId: MMSG-16873]
Action.c(248): Notify: Transaction "Go_to_orders" ended with a "Pass" status (Duration: 0,1490).	[MsgId: MMSG-16873]
Action.c(250): lr_think_time: 40,00 seconds.	[MsgId: MMSG-15948]
Action.c(251): Notify: Transaction "Remove_products" started.	[MsgId: MMSG-16999]
Action.c(253): Notify: Transaction "UC05_T03_remove_products" started.	[MsgId: MMSG-16999]
Action.c(291): Error: Корзина пуста!	[MsgId: MERR-17999]
End auto log messages stack.	[MsgId: MMSG-10544]


Start auto log messages stack - Iteration 5.	[MsgId: MMSG-10545]
Action.c(237): web_url("shoppingCart.html") started  	[MsgId: MMSG-26355]
Action.c(237): Found resource "http://lt-dev.pflb.ru:8080/css/images/Master_credit.png" in HTML "http://lt-dev.pflb.ru:8080/app/views/shoppingCart.html"  	[MsgId: MMSG-26659]
Action.c(237): Found resource "http://lt-dev.pflb.ru:8080/css/images/SafePay.png" in HTML "http://lt-dev.pflb.ru:8080/app/views/shoppingCart.html"  	[MsgId: MMSG-26659]
Action.c(237): web_url("shoppingCart.html") was successful, 12141 body bytes, 805 header bytes  	[MsgId: MMSG-26386]
Action.c(247): Notify: Transaction "UC05_T02_go_to_orders" ended with a "Pass" status (Duration: 0,1205).	[MsgId: MMSG-16873]
Action.c(248): Notify: Transaction "Go_to_orders" ended with a "Pass" status (Duration: 0,1206).	[MsgId: MMSG-16873]
Action.c(250): lr_think_time: 40,00 seconds.	[MsgId: MMSG-15948]
Action.c(251): Notify: Transaction "Remove_products" started.	[MsgId: MMSG-16999]
Action.c(253): Notify: Transaction "UC05_T03_remove_products" started.	[MsgId: MMSG-16999]
Action.c(291): Error: Корзина пуста!	[MsgId: MERR-17999]
End auto log messages stack.	[MsgId: MMSG-10544]


