Start auto log messages stack - Iteration 1.	[MsgId: MMSG-10545]
Action.c(237): Found resource "https://advantageonlineshopping.com/css/images/Master_credit.png" in HTML "https://advantageonlineshopping.com/app/views/shoppingCart.html"  	[MsgId: MMSG-26659]
Action.c(237): Found resource "https://advantageonlineshopping.com/css/images/SafePay.png" in HTML "https://advantageonlineshopping.com/app/views/shoppingCart.html"  	[MsgId: MMSG-26659]
Action.c(237): web_url("shoppingCart.html") was successful, 7766 body bytes, 1178 header bytes  	[MsgId: MMSG-26386]
Action.c(247): Notify: Transaction "UC05_T02_go_to_orders" ended with a "Pass" status (Duration: 0,5321 Wasted Time: 0,0000).	[MsgId: MMSG-16871]
Action.c(248): Notify: Transaction "Go_to_orders" ended with a "Pass" status (Duration: 0,5322 Wasted Time: 0,0000).	[MsgId: MMSG-16871]
Action.c(250): lr_think_time: 40,00 seconds.	[MsgId: MMSG-15948]
Action.c(251): Notify: Transaction "Remove_products" started.	[MsgId: MMSG-16999]
Action.c(253): Notify: Transaction "UC05_T03_remove_products" started.	[MsgId: MMSG-16999]
Action.c(291): Error: Корзина пуста!	[MsgId: MERR-17999]
End auto log messages stack.	[MsgId: MMSG-10544]


Start auto log messages stack - Iteration 1.	[MsgId: MMSG-10545]
Action.c(237): Found resource "https://advantageonlineshopping.com/css/images/Master_credit.png" in HTML "https://advantageonlineshopping.com/app/views/shoppingCart.html"  	[MsgId: MMSG-26659]
Action.c(237): Found resource "https://advantageonlineshopping.com/css/images/SafePay.png" in HTML "https://advantageonlineshopping.com/app/views/shoppingCart.html"  	[MsgId: MMSG-26659]
Action.c(237): web_url("shoppingCart.html") was successful, 7766 body bytes, 1178 header bytes  	[MsgId: MMSG-26386]
Action.c(247): Notify: Transaction "UC05_T02_go_to_orders" ended with a "Pass" status (Duration: 1,1211 Wasted Time: 0,0000).	[MsgId: MMSG-16871]
Action.c(248): Notify: Transaction "Go_to_orders" ended with a "Pass" status (Duration: 1,1212 Wasted Time: 0,0000).	[MsgId: MMSG-16871]
Action.c(250): lr_think_time: 40,00 seconds.	[MsgId: MMSG-15948]
Action.c(251): Notify: Transaction "Remove_products" started.	[MsgId: MMSG-16999]
Action.c(253): Notify: Transaction "UC05_T03_remove_products" started.	[MsgId: MMSG-16999]
Action.c(291): Error: Корзина пуста!	[MsgId: MERR-17999]
End auto log messages stack.	[MsgId: MMSG-10544]


Start auto log messages stack - Iteration 1.	[MsgId: MMSG-10545]
Action.c(237): Found resource "https://advantageonlineshopping.com/css/images/Master_credit.png" in HTML "https://advantageonlineshopping.com/app/views/shoppingCart.html"  	[MsgId: MMSG-26659]
Action.c(237): Found resource "https://advantageonlineshopping.com/css/images/SafePay.png" in HTML "https://advantageonlineshopping.com/app/views/shoppingCart.html"  	[MsgId: MMSG-26659]
Action.c(237): web_url("shoppingCart.html") was successful, 7766 body bytes, 1178 header bytes  	[MsgId: MMSG-26386]
Action.c(247): Notify: Transaction "UC05_T02_go_to_orders" ended with a "Pass" status (Duration: 0,5489 Wasted Time: 0,0000).	[MsgId: MMSG-16871]
Action.c(248): Notify: Transaction "Go_to_orders" ended with a "Pass" status (Duration: 0,5489 Wasted Time: 0,0000).	[MsgId: MMSG-16871]
Action.c(250): lr_think_time: 40,00 seconds.	[MsgId: MMSG-15948]
Action.c(251): Notify: Transaction "Remove_products" started.	[MsgId: MMSG-16999]
Action.c(253): Notify: Transaction "UC05_T03_remove_products" started.	[MsgId: MMSG-16999]
Action.c(291): Error: Корзина пуста!	[MsgId: MERR-17999]
End auto log messages stack.	[MsgId: MMSG-10544]


Start auto log messages stack - Iteration 1.	[MsgId: MMSG-10545]
Action.c(237): Found resource "https://advantageonlineshopping.com/css/images/Master_credit.png" in HTML "https://advantageonlineshopping.com/app/views/shoppingCart.html"  	[MsgId: MMSG-26659]
Action.c(237): Found resource "https://advantageonlineshopping.com/css/images/SafePay.png" in HTML "https://advantageonlineshopping.com/app/views/shoppingCart.html"  	[MsgId: MMSG-26659]
Action.c(237): web_url("shoppingCart.html") was successful, 7766 body bytes, 1178 header bytes  	[MsgId: MMSG-26386]
Action.c(247): Notify: Transaction "UC05_T02_go_to_orders" ended with a "Pass" status (Duration: 0,5998 Wasted Time: 0,0000).	[MsgId: MMSG-16871]
Action.c(248): Notify: Transaction "Go_to_orders" ended with a "Pass" status (Duration: 0,5999 Wasted Time: 0,0000).	[MsgId: MMSG-16871]
Action.c(250): lr_think_time: 40,00 seconds.	[MsgId: MMSG-15948]
Action.c(251): Notify: Transaction "Remove_products" started.	[MsgId: MMSG-16999]
Action.c(253): Notify: Transaction "UC05_T03_remove_products" started.	[MsgId: MMSG-16999]
Action.c(291): Error: Корзина пуста!	[MsgId: MERR-17999]
End auto log messages stack.	[MsgId: MMSG-10544]


Start auto log messages stack - Iteration 1.	[MsgId: MMSG-10545]
Action.c(237): Found resource "https://advantageonlineshopping.com/css/images/Master_credit.png" in HTML "https://advantageonlineshopping.com/app/views/shoppingCart.html"  	[MsgId: MMSG-26659]
Action.c(237): Found resource "https://advantageonlineshopping.com/css/images/SafePay.png" in HTML "https://advantageonlineshopping.com/app/views/shoppingCart.html"  	[MsgId: MMSG-26659]
Action.c(237): web_url("shoppingCart.html") was successful, 7766 body bytes, 1178 header bytes  	[MsgId: MMSG-26386]
Action.c(247): Notify: Transaction "UC05_T02_go_to_orders" ended with a "Pass" status (Duration: 0,5243 Wasted Time: 0,0000).	[MsgId: MMSG-16871]
Action.c(248): Notify: Transaction "Go_to_orders" ended with a "Pass" status (Duration: 0,5243 Wasted Time: 0,0000).	[MsgId: MMSG-16871]
Action.c(250): lr_think_time: 40,00 seconds.	[MsgId: MMSG-15948]
Action.c(251): Notify: Transaction "Remove_products" started.	[MsgId: MMSG-16999]
Action.c(253): Notify: Transaction "UC05_T03_remove_products" started.	[MsgId: MMSG-16999]
Action.c(291): Error: Корзина пуста!	[MsgId: MERR-17999]
End auto log messages stack.	[MsgId: MMSG-10544]


Start auto log messages stack - Iteration 2.	[MsgId: MMSG-10545]
Action.c(237): Found resource "https://advantageonlineshopping.com/css/images/Master_credit.png" in HTML "https://advantageonlineshopping.com/app/views/shoppingCart.html"  	[MsgId: MMSG-26659]
Action.c(237): Found resource "https://advantageonlineshopping.com/css/images/SafePay.png" in HTML "https://advantageonlineshopping.com/app/views/shoppingCart.html"  	[MsgId: MMSG-26659]
Action.c(237): web_url("shoppingCart.html") was successful, 7766 body bytes, 1178 header bytes  	[MsgId: MMSG-26386]
Action.c(247): Notify: Transaction "UC05_T02_go_to_orders" ended with a "Pass" status (Duration: 0,5002 Wasted Time: 0,0000).	[MsgId: MMSG-16871]
Action.c(248): Notify: Transaction "Go_to_orders" ended with a "Pass" status (Duration: 0,5002 Wasted Time: 0,0000).	[MsgId: MMSG-16871]
Action.c(250): lr_think_time: 40,00 seconds.	[MsgId: MMSG-15948]
Action.c(251): Notify: Transaction "Remove_products" started.	[MsgId: MMSG-16999]
Action.c(253): Notify: Transaction "UC05_T03_remove_products" started.	[MsgId: MMSG-16999]
Action.c(291): Error: Корзина пуста!	[MsgId: MERR-17999]
End auto log messages stack.	[MsgId: MMSG-10544]


Start auto log messages stack - Iteration 2.	[MsgId: MMSG-10545]
Action.c(237): Found resource "https://advantageonlineshopping.com/css/images/Master_credit.png" in HTML "https://advantageonlineshopping.com/app/views/shoppingCart.html"  	[MsgId: MMSG-26659]
Action.c(237): Found resource "https://advantageonlineshopping.com/css/images/SafePay.png" in HTML "https://advantageonlineshopping.com/app/views/shoppingCart.html"  	[MsgId: MMSG-26659]
Action.c(237): web_url("shoppingCart.html") was successful, 7766 body bytes, 1178 header bytes  	[MsgId: MMSG-26386]
Action.c(247): Notify: Transaction "UC05_T02_go_to_orders" ended with a "Pass" status (Duration: 0,5374 Wasted Time: 0,0000).	[MsgId: MMSG-16871]
Action.c(248): Notify: Transaction "Go_to_orders" ended with a "Pass" status (Duration: 0,5374 Wasted Time: 0,0000).	[MsgId: MMSG-16871]
Action.c(250): lr_think_time: 40,00 seconds.	[MsgId: MMSG-15948]
Action.c(251): Notify: Transaction "Remove_products" started.	[MsgId: MMSG-16999]
Action.c(253): Notify: Transaction "UC05_T03_remove_products" started.	[MsgId: MMSG-16999]
Action.c(291): Error: Корзина пуста!	[MsgId: MERR-17999]
End auto log messages stack.	[MsgId: MMSG-10544]


Start auto log messages stack - Iteration 2.	[MsgId: MMSG-10545]
Action.c(237): Found resource "https://advantageonlineshopping.com/css/images/Master_credit.png" in HTML "https://advantageonlineshopping.com/app/views/shoppingCart.html"  	[MsgId: MMSG-26659]
Action.c(237): Found resource "https://advantageonlineshopping.com/css/images/SafePay.png" in HTML "https://advantageonlineshopping.com/app/views/shoppingCart.html"  	[MsgId: MMSG-26659]
Action.c(237): web_url("shoppingCart.html") was successful, 7766 body bytes, 1178 header bytes  	[MsgId: MMSG-26386]
Action.c(247): Notify: Transaction "UC05_T02_go_to_orders" ended with a "Pass" status (Duration: 0,5255 Wasted Time: 0,0000).	[MsgId: MMSG-16871]
Action.c(248): Notify: Transaction "Go_to_orders" ended with a "Pass" status (Duration: 0,5255 Wasted Time: 0,0000).	[MsgId: MMSG-16871]
Action.c(250): lr_think_time: 40,00 seconds.	[MsgId: MMSG-15948]
Action.c(251): Notify: Transaction "Remove_products" started.	[MsgId: MMSG-16999]
Action.c(253): Notify: Transaction "UC05_T03_remove_products" started.	[MsgId: MMSG-16999]
Action.c(291): Error: Корзина пуста!	[MsgId: MERR-17999]
End auto log messages stack.	[MsgId: MMSG-10544]


Start auto log messages stack - Iteration 2.	[MsgId: MMSG-10545]
Action.c(237): Found resource "https://advantageonlineshopping.com/css/images/Master_credit.png" in HTML "https://advantageonlineshopping.com/app/views/shoppingCart.html"  	[MsgId: MMSG-26659]
Action.c(237): Found resource "https://advantageonlineshopping.com/css/images/SafePay.png" in HTML "https://advantageonlineshopping.com/app/views/shoppingCart.html"  	[MsgId: MMSG-26659]
Action.c(237): web_url("shoppingCart.html") was successful, 7766 body bytes, 1178 header bytes  	[MsgId: MMSG-26386]
Action.c(247): Notify: Transaction "UC05_T02_go_to_orders" ended with a "Pass" status (Duration: 0,5082 Wasted Time: 0,0000).	[MsgId: MMSG-16871]
Action.c(248): Notify: Transaction "Go_to_orders" ended with a "Pass" status (Duration: 0,5082 Wasted Time: 0,0000).	[MsgId: MMSG-16871]
Action.c(250): lr_think_time: 40,00 seconds.	[MsgId: MMSG-15948]
Action.c(251): Notify: Transaction "Remove_products" started.	[MsgId: MMSG-16999]
Action.c(253): Notify: Transaction "UC05_T03_remove_products" started.	[MsgId: MMSG-16999]
Action.c(291): Error: Корзина пуста!	[MsgId: MERR-17999]
End auto log messages stack.	[MsgId: MMSG-10544]


