Virtual User Script started at: 20.01.2023 22:48:22
Starting action vuser_init.
Web Turbo Replay of LoadRunner 2021.0.0 for Windows 10; build 430 (џэт 05 2021 19:27:22)  	[MsgId: MMSG-26983]
Run mode: HTML  	[MsgId: MMSG-26993]
Replay user agent: Mozilla/5.0 (Windows NT 10.0; Win64; x64; Trident/7.0; rv:11.0) like Gecko  	[MsgId: MMSG-26988]
Runtime Settings file: "D:\PFLB_Project\ScriptsAnton\UC02_View_products\\default.cfg"  	[MsgId: MMSG-27141]
Ending action vuser_init.
Running Vuser...
Starting iteration 1.
Maximum number of concurrent connections per server: 6  	[MsgId: MMSG-26989]
Starting action Action.
Action.c(3): Notify: Transaction "UC02_View_products" started.
Action.c(4): web_set_sockets_option started  	[MsgId: MMSG-26355]
Action.c(4): web_set_sockets_option was successful  	[MsgId: MMSG-26392]
Action.c(6): web_set_user started  	[MsgId: MMSG-26355]
Action.c(6): web_set_user was successful  	[MsgId: MMSG-26392]
Action.c(10): web_add_cookie started  	[MsgId: MMSG-26355]
Action.c(10): web_add_cookie was successful  	[MsgId: MMSG-26392]
Action.c(12): web_url("advantageonlineshopping.com") started  	[MsgId: MMSG-26355]
Action.c(12): Found resource "http://lt-dev.pflb.ru:8080/css/main.min.css" in HTML "http://lt-dev.pflb.ru:8080/"  	[MsgId: MMSG-26659]
Action.c(12): Downloading resource "http://lt-dev.pflb.ru:8080/css/fonts/roboto_regular_macroman/Roboto-Regular-webfont.eot?" (specified by argument number 10)  	[MsgId: MMSG-26577]
Action.c(12): Downloading resource "http://lt-dev.pflb.ru:8080/main.min.js" (specified by argument number 12)  	[MsgId: MMSG-26577]
Action.c(12): Downloading resource "http://lt-dev.pflb.ru:8080/css/fonts/roboto_light_macroman/Roboto-Light-webfont.eot?" (specified by argument number 14)  	[MsgId: MMSG-26577]
Action.c(12): Downloading resource "http://lt-dev.pflb.ru:8080/css/images/logo.png" (specified by argument number 16)  	[MsgId: MMSG-26577]
Action.c(12): Downloading resource "http://lt-dev.pflb.ru:8080/css/fonts/roboto_medium_macroman/Roboto-Medium-webfont.eot?" (specified by argument number 18)  	[MsgId: MMSG-26577]
Action.c(12): Downloading resource "http://lt-dev.pflb.ru:8080/css/images/closeDark.png" (specified by argument number 20)  	[MsgId: MMSG-26577]
Action.c(12): Downloading resource "http://lt-dev.pflb.ru:8080/services.properties" (specified by argument number 22)  	[MsgId: MMSG-26577]
Action.c(12): Downloading resource "http://lt-dev.pflb.ru:8080/css/fonts/roboto_bold_macroman/Roboto-Bold-webfont.eot?" (specified by argument number 24)  	[MsgId: MMSG-26577]
Action.c(12): Downloading resource "http://lt-dev.pflb.ru:8080/css/images/FacebookLogo.png" (specified by argument number 26)  	[MsgId: MMSG-26577]
Action.c(12): Downloading resource "http://lt-dev.pflb.ru:8080/css/images/Special-offer.jpg" (specified by argument number 28)  	[MsgId: MMSG-26577]
Action.c(12): Downloading resource "http://lt-dev.pflb.ru:8080/css/images/GoUp.png" (specified by argument number 30)  	[MsgId: MMSG-26577]
Action.c(12): Downloading resource "http://lt-dev.pflb.ru:8080/css/images/facebook.png" (specified by argument number 32)  	[MsgId: MMSG-26577]
Action.c(12): Downloading resource "http://lt-dev.pflb.ru:8080/css/fonts/roboto_thin_macroman/Roboto-Thin-webfont.eot?" (specified by argument number 34)  	[MsgId: MMSG-26577]
Action.c(12): Downloading resource "http://lt-dev.pflb.ru:8080/css/images/Banner2.jpg" (specified by argument number 36)  	[MsgId: MMSG-26577]
Action.c(12): Downloading resource "http://lt-dev.pflb.ru:8080/css/images/Banner1.jpg" (specified by argument number 38)  	[MsgId: MMSG-26577]
Action.c(12): Downloading resource "http://lt-dev.pflb.ru:8080/css/images/Banner3.jpg" (specified by argument number 40)  	[MsgId: MMSG-26577]
Action.c(12): Downloading resource "http://lt-dev.pflb.ru:8080/css/images/Popular-item3.jpg" (specified by argument number 42)  	[MsgId: MMSG-26577]
Action.c(12): Downloading resource "http://lt-dev.pflb.ru:8080/css/images/Popular-item2.jpg" (specified by argument number 44)  	[MsgId: MMSG-26577]
Action.c(12): Downloading resource "http://lt-dev.pflb.ru:8080/css/images/Popular-item1.jpg" (specified by argument number 46)  	[MsgId: MMSG-26577]
Action.c(12): Downloading resource "http://lt-dev.pflb.ru:8080/css/images/arrow_right.png" (specified by argument number 48)  	[MsgId: MMSG-26577]
Action.c(12): Downloading resource "http://lt-dev.pflb.ru:8080/catalog/fetchImage?image_id=speakers" (specified by argument number 50)  	[MsgId: MMSG-26577]
Action.c(12): Downloading resource "http://lt-dev.pflb.ru:8080/catalog/fetchImage?image_id=laptops" (specified by argument number 52)  	[MsgId: MMSG-26577]
Action.c(12): Downloading resource "http://lt-dev.pflb.ru:8080/catalog/fetchImage?image_id=tablets" (specified by argument number 54)  	[MsgId: MMSG-26577]
Action.c(12): Downloading resource "http://lt-dev.pflb.ru:8080/css/images/linkedin.png" (specified by argument number 56)  	[MsgId: MMSG-26577]
Action.c(12): Downloading resource "http://lt-dev.pflb.ru:8080/catalog/fetchImage?image_id=mice" (specified by argument number 58)  	[MsgId: MMSG-26577]
Action.c(12): Downloading resource "http://lt-dev.pflb.ru:8080/catalog/fetchImage?image_id=headphones" (specified by argument number 60)  	[MsgId: MMSG-26577]
Action.c(12): Downloading resource "http://lt-dev.pflb.ru:8080/css/images/twitter.png" (specified by argument number 62)  	[MsgId: MMSG-26577]
Action.c(12): Downloading resource "http://lt-dev.pflb.ru:8080/css/images/Filter.png" (specified by argument number 64)  	[MsgId: MMSG-26577]
Action.c(12): Downloading resource "http://lt-dev.pflb.ru:8080/css/images/category_banner_3.png" (specified by argument number 66)  	[MsgId: MMSG-26577]
Action.c(12): Downloading resource "http://lt-dev.pflb.ru:8080/catalog/fetchImage?image_id=3100" (specified by argument number 68)  	[MsgId: MMSG-26577]
Action.c(12): Downloading resource "http://lt-dev.pflb.ru:8080/catalog/fetchImage?image_id=3300" (specified by argument number 70)  	[MsgId: MMSG-26577]
Action.c(12): Downloading resource "http://lt-dev.pflb.ru:8080/catalog/fetchImage?image_id=3200" (specified by argument number 72)  	[MsgId: MMSG-26577]
Action.c(12): Downloading resource "http://lt-dev.pflb.ru:8080/catalog/fetchImage?image_id=3301" (specified by argument number 74)  	[MsgId: MMSG-26577]
Action.c(12): Downloading resource "http://lt-dev.pflb.ru:8080/catalog/fetchImage?image_id=3303" (specified by argument number 76)  	[MsgId: MMSG-26577]
Action.c(12): Downloading resource "http://lt-dev.pflb.ru:8080/catalog/fetchImage?image_id=3302" (specified by argument number 78)  	[MsgId: MMSG-26577]
Action.c(12): Found resource "http://lt-dev.pflb.ru:8080/css/images/Down_arrow.svg" in HTML "http://lt-dev.pflb.ru:8080/"  	[MsgId: MMSG-26659]
Action.c(12): Found resource "http://lt-dev.pflb.ru:8080/vendor/requirejs/require.js" in HTML "http://lt-dev.pflb.ru:8080/"  	[MsgId: MMSG-26659]
Action.c(12): web_url("advantageonlineshopping.com") was successful, 3504644 body bytes, 10703 header bytes, 736 chunking overhead bytes  	[MsgId: MMSG-26385]
Action.c(58): web_url("ALL") started  	[MsgId: MMSG-26355]
Action.c(58): web_url("ALL") was successful, 23932 body bytes, 240 header bytes, 29 chunking overhead bytes  	[MsgId: MMSG-26385]
Action.c(68): web_add_header("SOAPAction") started  	[MsgId: MMSG-26355]
Action.c(68): web_add_header("SOAPAction") was successful  	[MsgId: MMSG-26392]
Action.c(71): web_add_header("X-Requested-With") started  	[MsgId: MMSG-26355]
Action.c(71): web_add_header("X-Requested-With") was successful  	[MsgId: MMSG-26392]
Action.c(74): web_custom_request("GetAccountConfigurationRequest") started  	[MsgId: MMSG-26355]
Action.c(74): web_custom_request("GetAccountConfigurationRequest") was successful, 823 body bytes, 619 header bytes  	[MsgId: MMSG-26386]
Action.c(87): web_reg_save_param_json started  	[MsgId: MMSG-26355]
Action.c(87): Registering web_reg_save_param_json was successful  	[MsgId: MMSG-26390]
Action.c(97): web_url("categories") started  	[MsgId: MMSG-26355]
Action.c(97): web_url("categories") was successful, 12954 body bytes, 240 header bytes, 21 chunking overhead bytes  	[MsgId: MMSG-26385]
Action.c(109): web_add_cookie started  	[MsgId: MMSG-26355]
Action.c(109): web_add_cookie was successful  	[MsgId: MMSG-26392]
Action.c(111): web_add_cookie started  	[MsgId: MMSG-26355]
Action.c(111): web_add_cookie was successful  	[MsgId: MMSG-26392]
Action.c(113): web_add_cookie started  	[MsgId: MMSG-26355]
Action.c(113): web_add_cookie was successful  	[MsgId: MMSG-26392]
Action.c(115): web_url("search") started  	[MsgId: MMSG-26355]
Action.c(115): web_url("search") was successful, 681 body bytes, 240 header bytes, 12 chunking overhead bytes  	[MsgId: MMSG-26385]
Action.c(125): web_url("popularProducts.json") started  	[MsgId: MMSG-26355]
Action.c(125): web_url("popularProducts.json") was successful, 2323 body bytes, 272 header bytes  	[MsgId: MMSG-26386]
Action.c(135): web_url("home-page.html") started  	[MsgId: MMSG-26355]
Action.c(135): Retrieving data from cache for "http://lt-dev.pflb.ru:8080"  	[MsgId: MMSG-26558]
Action.c(135): Resource "http://lt-dev.pflb.ru:8080/css/main.min.css" is in the cache already and will not be downloaded again  	[MsgId: MMSG-26655]
Action.c(135): Resource "http://lt-dev.pflb.ru:8080/css/images/Down_arrow.svg" is in the cache already and will not be downloaded again  	[MsgId: MMSG-26655]
Action.c(135): Resource "http://lt-dev.pflb.ru:8080/vendor/requirejs/require.js" is in the cache already and will not be downloaded again  	[MsgId: MMSG-26655]
Action.c(135): web_url("home-page.html") was successful, 0 body bytes, 85 header bytes  	[MsgId: MMSG-26386]
Action.c(145): Notify: Transaction "Login" started.
Action.c(146): Notify: Transaction "UC02_TR01_Login" started.
Action.c(147): web_add_header("SOAPAction") started  	[MsgId: MMSG-26355]
Action.c(147): web_add_header("SOAPAction") was successful  	[MsgId: MMSG-26392]
Action.c(150): web_add_header("X-Requested-With") started  	[MsgId: MMSG-26355]
Action.c(150): web_add_header("X-Requested-With") was successful  	[MsgId: MMSG-26392]
Action.c(158): web_reg_save_param started  	[MsgId: MMSG-26355]
Action.c(158): Registering web_reg_save_param was successful  	[MsgId: MMSG-26390]
Action.c(163): web_reg_save_param started  	[MsgId: MMSG-26355]
Action.c(163): Registering web_reg_save_param was successful  	[MsgId: MMSG-26390]
Action.c(168): web_custom_request("AccountLoginRequest") started  	[MsgId: MMSG-26355]
Action.c(168): web_custom_request("AccountLoginRequest") was successful, 805 body bytes, 619 header bytes  	[MsgId: MMSG-26386]
Action.c(181): web_set_sockets_option started  	[MsgId: MMSG-26355]
Action.c(181): web_set_sockets_option was successful  	[MsgId: MMSG-26392]
Action.c(183): web_add_auto_header("Authorization:") started  	[MsgId: MMSG-26355]
Action.c(183): Warning -26593: The header being added may cause unpredictable results when applied to all ensuing URLs. It is added anyway  	[MsgId: MWAR-26593]
Action.c(183): web_add_auto_header("Authorization:") highest severity level was "warning"  	[MsgId: MMSG-26391]
Action.c(186): web_url("384472445") started  	[MsgId: MMSG-26355]
Action.c(186): web_url("384472445") was successful, 2258 body bytes, 320 header bytes, 12 chunking overhead bytes  	[MsgId: MMSG-26385]
Action.c(195): Notify: Transaction "UC02_TR01_Login" ended with a "Pass" status (Duration: 3,3897 Wasted Time: 0,0202).
Action.c(196): Notify: Transaction "Login" ended with a "Pass" status (Duration: 3,4207 Wasted Time: 0,0202).
Action.c(200): Notify: Transaction "UC02_TR02_Category_select" started.
Action.c(204): web_reg_save_param_json started  	[MsgId: MMSG-26355]
Action.c(204): Registering web_reg_save_param_json was successful  	[MsgId: MMSG-26390]
Action.c(211): web_url("category_rand/products") started  	[MsgId: MMSG-26355]
Action.c(211): web_url("category_rand/products") was successful, 16417 body bytes, 240 header bytes, 27 chunking overhead bytes  	[MsgId: MMSG-26385]
Action.c(223): web_url("attributes") started  	[MsgId: MMSG-26355]
Action.c(223): web_url("attributes") was successful, 6213 body bytes, 240 header bytes, 13 chunking overhead bytes  	[MsgId: MMSG-26385]
Action.c(233): web_url("category-page.html") started  	[MsgId: MMSG-26355]
Action.c(233): web_url("category-page.html") was successful, 1915 body bytes, 265 header bytes  	[MsgId: MMSG-26386]
Action.c(243): Notify: Transaction "UC02_TR02_Category_select" ended with a "Pass" status (Duration: 1,5625 Wasted Time: 0,0319).
Action.c(247): Notify: Transaction "Product_select" started.
Action.c(248): Notify: Transaction "UC02_TR03_Product_select" started.
Action.c(249): web_url("category_products_rand") started  	[MsgId: MMSG-26355]
Action.c(249): web_url("category_products_rand") was successful, 1045 body bytes, 240 header bytes, 12 chunking overhead bytes  	[MsgId: MMSG-26385]
Action.c(259): web_url("products_2") started  	[MsgId: MMSG-26355]
Action.c(259): web_url("products_2") was successful, 5697 body bytes, 240 header bytes, 13 chunking overhead bytes  	[MsgId: MMSG-26385]
Action.c(269): web_url("all_data") started  	[MsgId: MMSG-26355]
Action.c(269): web_url("all_data") was successful, 48939 body bytes, 240 header bytes, 53 chunking overhead bytes  	[MsgId: MMSG-26385]
Action.c(279): web_url("product-page.html") started  	[MsgId: MMSG-26355]
Action.c(279): Found resource "http://lt-dev.pflb.ru:8080/css/images/review_right.png" in HTML "http://lt-dev.pflb.ru:8080/app/views/product-page.html"  	[MsgId: MMSG-26659]
Action.c(279): Found resource "http://lt-dev.pflb.ru:8080/css/images/reviewUser.png" in HTML "http://lt-dev.pflb.ru:8080/app/views/product-page.html"  	[MsgId: MMSG-26659]
Action.c(279): Found resource "http://lt-dev.pflb.ru:8080/css/images/review_Left_disabled.png" in HTML "http://lt-dev.pflb.ru:8080/app/views/product-page.html"  	[MsgId: MMSG-26659]
Action.c(279): web_url("product-page.html") was successful, 12509 body bytes, 1075 header bytes  	[MsgId: MMSG-26386]
Action.c(288): Notify: Transaction "UC02_TR03_Product_select" ended with a "Pass" status (Duration: 4,5853 Wasted Time: 0,0441).
Action.c(289): Notify: Transaction "Product_select" ended with a "Pass" status (Duration: 4,6165 Wasted Time: 0,0441).
Action.c(291): Notify: Transaction "Logout" started.
Action.c(292): Notify: Transaction "UC02_TR04_Exit" started.
Action.c(293): web_add_header("SOAPAction") started  	[MsgId: MMSG-26355]
Action.c(293): web_add_header("SOAPAction") was successful  	[MsgId: MMSG-26392]
Action.c(296): web_add_header("X-Requested-With") started  	[MsgId: MMSG-26355]
Action.c(296): web_add_header("X-Requested-With") was successful  	[MsgId: MMSG-26392]
Action.c(299): web_custom_request("AccountLogoutRequest") started  	[MsgId: MMSG-26355]
Action.c(299): web_custom_request("AccountLogoutRequest") was successful, 408 body bytes, 619 header bytes  	[MsgId: MMSG-26386]
Action.c(311): Notify: Transaction "UC02_TR04_Exit" ended with a "Pass" status (Duration: 0,5074 Wasted Time: 0,0103).
Action.c(312): Notify: Transaction "Logout" ended with a "Pass" status (Duration: 0,5393 Wasted Time: 0,0103).
Action.c(313): Notify: Transaction "UC02_View_products" ended with a "Pass" status (Duration: 13,5392 Wasted Time: 0,8098).
Ending action Action.
Ending iteration 1.
Starting iteration 2.
Starting action Action.
Action.c(3): Notify: Transaction "UC02_View_products" started.
Action.c(4): web_set_sockets_option started  	[MsgId: MMSG-26355]
Action.c(4): web_set_sockets_option was successful  	[MsgId: MMSG-26392]
Action.c(6): web_set_user started  	[MsgId: MMSG-26355]
Action.c(6): web_set_user was successful  	[MsgId: MMSG-26392]
Action.c(10): web_add_cookie started  	[MsgId: MMSG-26355]
Action.c(10): web_add_cookie was successful  	[MsgId: MMSG-26392]
Action.c(12): web_url("advantageonlineshopping.com") started  	[MsgId: MMSG-26355]
Action.c(12): Found resource "http://lt-dev.pflb.ru:8080/css/main.min.css" in HTML "http://lt-dev.pflb.ru:8080/"  	[MsgId: MMSG-26659]
Action.c(12): Downloading resource "http://lt-dev.pflb.ru:8080/css/fonts/roboto_regular_macroman/Roboto-Regular-webfont.eot?" (specified by argument number 10)  	[MsgId: MMSG-26577]
Action.c(12): Downloading resource "http://lt-dev.pflb.ru:8080/main.min.js" (specified by argument number 12)  	[MsgId: MMSG-26577]
Action.c(12): Downloading resource "http://lt-dev.pflb.ru:8080/css/fonts/roboto_light_macroman/Roboto-Light-webfont.eot?" (specified by argument number 14)  	[MsgId: MMSG-26577]
Action.c(12): Downloading resource "http://lt-dev.pflb.ru:8080/css/images/logo.png" (specified by argument number 16)  	[MsgId: MMSG-26577]
Action.c(12): Downloading resource "http://lt-dev.pflb.ru:8080/css/fonts/roboto_medium_macroman/Roboto-Medium-webfont.eot?" (specified by argument number 18)  	[MsgId: MMSG-26577]
Action.c(12): Downloading resource "http://lt-dev.pflb.ru:8080/css/images/closeDark.png" (specified by argument number 20)  	[MsgId: MMSG-26577]
Action.c(12): Downloading resource "http://lt-dev.pflb.ru:8080/services.properties" (specified by argument number 22)  	[MsgId: MMSG-26577]
Action.c(12): Downloading resource "http://lt-dev.pflb.ru:8080/css/fonts/roboto_bold_macroman/Roboto-Bold-webfont.eot?" (specified by argument number 24)  	[MsgId: MMSG-26577]
Action.c(12): Downloading resource "http://lt-dev.pflb.ru:8080/css/images/FacebookLogo.png" (specified by argument number 26)  	[MsgId: MMSG-26577]
Action.c(12): Downloading resource "http://lt-dev.pflb.ru:8080/css/images/Special-offer.jpg" (specified by argument number 28)  	[MsgId: MMSG-26577]
Action.c(12): Downloading resource "http://lt-dev.pflb.ru:8080/css/images/GoUp.png" (specified by argument number 30)  	[MsgId: MMSG-26577]
Action.c(12): Downloading resource "http://lt-dev.pflb.ru:8080/css/images/facebook.png" (specified by argument number 32)  	[MsgId: MMSG-26577]
Action.c(12): Downloading resource "http://lt-dev.pflb.ru:8080/css/fonts/roboto_thin_macroman/Roboto-Thin-webfont.eot?" (specified by argument number 34)  	[MsgId: MMSG-26577]
Action.c(12): Downloading resource "http://lt-dev.pflb.ru:8080/css/images/Banner2.jpg" (specified by argument number 36)  	[MsgId: MMSG-26577]
Action.c(12): Downloading resource "http://lt-dev.pflb.ru:8080/css/images/Banner1.jpg" (specified by argument number 38)  	[MsgId: MMSG-26577]
Action.c(12): Downloading resource "http://lt-dev.pflb.ru:8080/css/images/Banner3.jpg" (specified by argument number 40)  	[MsgId: MMSG-26577]
Action.c(12): Downloading resource "http://lt-dev.pflb.ru:8080/css/images/Popular-item3.jpg" (specified by argument number 42)  	[MsgId: MMSG-26577]
Action.c(12): Downloading resource "http://lt-dev.pflb.ru:8080/css/images/Popular-item2.jpg" (specified by argument number 44)  	[MsgId: MMSG-26577]
Action.c(12): Downloading resource "http://lt-dev.pflb.ru:8080/css/images/Popular-item1.jpg" (specified by argument number 46)  	[MsgId: MMSG-26577]
Action.c(12): Downloading resource "http://lt-dev.pflb.ru:8080/css/images/arrow_right.png" (specified by argument number 48)  	[MsgId: MMSG-26577]
Action.c(12): Downloading resource "http://lt-dev.pflb.ru:8080/catalog/fetchImage?image_id=speakers" (specified by argument number 50)  	[MsgId: MMSG-26577]
Action.c(12): Downloading resource "http://lt-dev.pflb.ru:8080/catalog/fetchImage?image_id=laptops" (specified by argument number 52)  	[MsgId: MMSG-26577]
Action.c(12): Downloading resource "http://lt-dev.pflb.ru:8080/catalog/fetchImage?image_id=tablets" (specified by argument number 54)  	[MsgId: MMSG-26577]
Action.c(12): Downloading resource "http://lt-dev.pflb.ru:8080/css/images/linkedin.png" (specified by argument number 56)  	[MsgId: MMSG-26577]
Action.c(12): Downloading resource "http://lt-dev.pflb.ru:8080/catalog/fetchImage?image_id=mice" (specified by argument number 58)  	[MsgId: MMSG-26577]
Action.c(12): Downloading resource "http://lt-dev.pflb.ru:8080/catalog/fetchImage?image_id=headphones" (specified by argument number 60)  	[MsgId: MMSG-26577]
Action.c(12): Downloading resource "http://lt-dev.pflb.ru:8080/css/images/twitter.png" (specified by argument number 62)  	[MsgId: MMSG-26577]
Action.c(12): Downloading resource "http://lt-dev.pflb.ru:8080/css/images/Filter.png" (specified by argument number 64)  	[MsgId: MMSG-26577]
Action.c(12): Downloading resource "http://lt-dev.pflb.ru:8080/css/images/category_banner_3.png" (specified by argument number 66)  	[MsgId: MMSG-26577]
Action.c(12): Downloading resource "http://lt-dev.pflb.ru:8080/catalog/fetchImage?image_id=3100" (specified by argument number 68)  	[MsgId: MMSG-26577]
Action.c(12): Downloading resource "http://lt-dev.pflb.ru:8080/catalog/fetchImage?image_id=3300" (specified by argument number 70)  	[MsgId: MMSG-26577]
Action.c(12): Downloading resource "http://lt-dev.pflb.ru:8080/catalog/fetchImage?image_id=3200" (specified by argument number 72)  	[MsgId: MMSG-26577]
Action.c(12): Downloading resource "http://lt-dev.pflb.ru:8080/catalog/fetchImage?image_id=3301" (specified by argument number 74)  	[MsgId: MMSG-26577]
Action.c(12): Downloading resource "http://lt-dev.pflb.ru:8080/catalog/fetchImage?image_id=3303" (specified by argument number 76)  	[MsgId: MMSG-26577]
Action.c(12): Downloading resource "http://lt-dev.pflb.ru:8080/catalog/fetchImage?image_id=3302" (specified by argument number 78)  	[MsgId: MMSG-26577]
Action.c(12): Found resource "http://lt-dev.pflb.ru:8080/css/images/Down_arrow.svg" in HTML "http://lt-dev.pflb.ru:8080/"  	[MsgId: MMSG-26659]
Action.c(12): Found resource "http://lt-dev.pflb.ru:8080/vendor/requirejs/require.js" in HTML "http://lt-dev.pflb.ru:8080/"  	[MsgId: MMSG-26659]
Action.c(12): web_url("advantageonlineshopping.com") was successful, 3504644 body bytes, 10703 header bytes, 736 chunking overhead bytes  	[MsgId: MMSG-26385]
Action.c(58): web_url("ALL") started  	[MsgId: MMSG-26355]
Action.c(58): web_url("ALL") was successful, 23932 body bytes, 240 header bytes, 29 chunking overhead bytes  	[MsgId: MMSG-26385]
Action.c(68): web_add_header("SOAPAction") started  	[MsgId: MMSG-26355]
Action.c(68): web_add_header("SOAPAction") was successful  	[MsgId: MMSG-26392]
Action.c(71): web_add_header("X-Requested-With") started  	[MsgId: MMSG-26355]
Action.c(71): web_add_header("X-Requested-With") was successful  	[MsgId: MMSG-26392]
Action.c(74): web_custom_request("GetAccountConfigurationRequest") started  	[MsgId: MMSG-26355]
Action.c(74): web_custom_request("GetAccountConfigurationRequest") was successful, 823 body bytes, 619 header bytes  	[MsgId: MMSG-26386]
Action.c(87): web_reg_save_param_json started  	[MsgId: MMSG-26355]
Action.c(87): Registering web_reg_save_param_json was successful  	[MsgId: MMSG-26390]
Action.c(97): web_url("categories") started  	[MsgId: MMSG-26355]
Action.c(97): web_url("categories") was successful, 12954 body bytes, 240 header bytes, 21 chunking overhead bytes  	[MsgId: MMSG-26385]
Action.c(109): web_add_cookie started  	[MsgId: MMSG-26355]
Action.c(109): web_add_cookie was successful  	[MsgId: MMSG-26392]
Action.c(111): web_add_cookie started  	[MsgId: MMSG-26355]
Action.c(111): web_add_cookie was successful  	[MsgId: MMSG-26392]
Action.c(113): web_add_cookie started  	[MsgId: MMSG-26355]
Action.c(113): web_add_cookie was successful  	[MsgId: MMSG-26392]
Action.c(115): web_url("search") started  	[MsgId: MMSG-26355]
Action.c(115): web_url("search") was successful, 681 body bytes, 240 header bytes, 12 chunking overhead bytes  	[MsgId: MMSG-26385]
Action.c(125): web_url("popularProducts.json") started  	[MsgId: MMSG-26355]
Action.c(125): web_url("popularProducts.json") was successful, 2323 body bytes, 272 header bytes  	[MsgId: MMSG-26386]
Action.c(135): web_url("home-page.html") started  	[MsgId: MMSG-26355]
Action.c(135): Retrieving data from cache for "http://lt-dev.pflb.ru:8080"  	[MsgId: MMSG-26558]
Action.c(135): Resource "http://lt-dev.pflb.ru:8080/css/main.min.css" is in the cache already and will not be downloaded again  	[MsgId: MMSG-26655]
Action.c(135): Resource "http://lt-dev.pflb.ru:8080/css/images/Down_arrow.svg" is in the cache already and will not be downloaded again  	[MsgId: MMSG-26655]
Action.c(135): Resource "http://lt-dev.pflb.ru:8080/vendor/requirejs/require.js" is in the cache already and will not be downloaded again  	[MsgId: MMSG-26655]
Action.c(135): web_url("home-page.html") was successful, 0 body bytes, 85 header bytes  	[MsgId: MMSG-26386]
Action.c(145): Notify: Transaction "Login" started.
Action.c(146): Notify: Transaction "UC02_TR01_Login" started.
Action.c(147): web_add_header("SOAPAction") started  	[MsgId: MMSG-26355]
Action.c(147): web_add_header("SOAPAction") was successful  	[MsgId: MMSG-26392]
Action.c(150): web_add_header("X-Requested-With") started  	[MsgId: MMSG-26355]
Action.c(150): web_add_header("X-Requested-With") was successful  	[MsgId: MMSG-26392]
Action.c(158): web_reg_save_param started  	[MsgId: MMSG-26355]
Action.c(158): Registering web_reg_save_param was successful  	[MsgId: MMSG-26390]
Action.c(163): web_reg_save_param started  	[MsgId: MMSG-26355]
Action.c(163): Registering web_reg_save_param was successful  	[MsgId: MMSG-26390]
Action.c(168): web_custom_request("AccountLoginRequest") started  	[MsgId: MMSG-26355]
Action.c(168): web_custom_request("AccountLoginRequest") was successful, 805 body bytes, 619 header bytes  	[MsgId: MMSG-26386]
Action.c(181): web_set_sockets_option started  	[MsgId: MMSG-26355]
Action.c(181): web_set_sockets_option was successful  	[MsgId: MMSG-26392]
Action.c(183): web_add_auto_header("Authorization:") started  	[MsgId: MMSG-26355]
Action.c(183): Warning -26593: The header being added may cause unpredictable results when applied to all ensuing URLs. It is added anyway  	[MsgId: MWAR-26593]
Action.c(183): web_add_auto_header("Authorization:") highest severity level was "warning"  	[MsgId: MMSG-26391]
Action.c(186): web_url("384472445") started  	[MsgId: MMSG-26355]
Action.c(186): web_url("384472445") was successful, 87 body bytes, 320 header bytes, 11 chunking overhead bytes  	[MsgId: MMSG-26385]
Action.c(195): Notify: Transaction "UC02_TR01_Login" ended with a "Pass" status (Duration: 0,9426 Wasted Time: 0,0363).
Action.c(196): Notify: Transaction "Login" ended with a "Pass" status (Duration: 0,9737 Wasted Time: 0,0363).
Action.c(200): Notify: Transaction "UC02_TR02_Category_select" started.
Action.c(204): web_reg_save_param_json started  	[MsgId: MMSG-26355]
Action.c(204): Registering web_reg_save_param_json was successful  	[MsgId: MMSG-26390]
Action.c(211): web_url("category_rand/products") started  	[MsgId: MMSG-26355]
Action.c(211): web_url("category_rand/products") was successful, 5697 body bytes, 240 header bytes, 13 chunking overhead bytes  	[MsgId: MMSG-26385]
Action.c(223): web_url("attributes") started  	[MsgId: MMSG-26355]
Action.c(223): web_url("attributes") was successful, 6213 body bytes, 240 header bytes, 13 chunking overhead bytes  	[MsgId: MMSG-26385]
Action.c(233): web_url("category-page.html") started  	[MsgId: MMSG-26355]
Action.c(233): web_url("category-page.html") was successful, 1915 body bytes, 265 header bytes  	[MsgId: MMSG-26386]
Action.c(243): Notify: Transaction "UC02_TR02_Category_select" ended with a "Pass" status (Duration: 1,3443 Wasted Time: 0,0586).
Action.c(247): Notify: Transaction "Product_select" started.
Action.c(248): Notify: Transaction "UC02_TR03_Product_select" started.
Action.c(249): web_url("category_products_rand") started  	[MsgId: MMSG-26355]
Action.c(249): web_url("category_products_rand") was successful, 1114 body bytes, 240 header bytes, 12 chunking overhead bytes  	[MsgId: MMSG-26385]
Action.c(259): web_url("products_2") started  	[MsgId: MMSG-26355]
Action.c(259): web_url("products_2") was successful, 5697 body bytes, 240 header bytes, 13 chunking overhead bytes  	[MsgId: MMSG-26385]
Action.c(269): web_url("all_data") started  	[MsgId: MMSG-26355]
Action.c(269): web_url("all_data") was successful, 48939 body bytes, 240 header bytes, 53 chunking overhead bytes  	[MsgId: MMSG-26385]
Action.c(279): web_url("product-page.html") started  	[MsgId: MMSG-26355]
Action.c(279): Found resource "http://lt-dev.pflb.ru:8080/css/images/review_right.png" in HTML "http://lt-dev.pflb.ru:8080/app/views/product-page.html"  	[MsgId: MMSG-26659]
Action.c(279): Found resource "http://lt-dev.pflb.ru:8080/css/images/reviewUser.png" in HTML "http://lt-dev.pflb.ru:8080/app/views/product-page.html"  	[MsgId: MMSG-26659]
Action.c(279): Found resource "http://lt-dev.pflb.ru:8080/css/images/review_Left_disabled.png" in HTML "http://lt-dev.pflb.ru:8080/app/views/product-page.html"  	[MsgId: MMSG-26659]
Action.c(279): web_url("product-page.html") was successful, 12509 body bytes, 1075 header bytes  	[MsgId: MMSG-26386]
Action.c(288): Notify: Transaction "UC02_TR03_Product_select" ended with a "Pass" status (Duration: 4,7032 Wasted Time: 0,0728).
Action.c(289): Notify: Transaction "Product_select" ended with a "Pass" status (Duration: 4,7338 Wasted Time: 0,0728).
Action.c(291): Notify: Transaction "Logout" started.
Action.c(292): Notify: Transaction "UC02_TR04_Exit" started.
Action.c(293): web_add_header("SOAPAction") started  	[MsgId: MMSG-26355]
Action.c(293): web_add_header("SOAPAction") was successful  	[MsgId: MMSG-26392]
Action.c(296): web_add_header("X-Requested-With") started  	[MsgId: MMSG-26355]
Action.c(296): web_add_header("X-Requested-With") was successful  	[MsgId: MMSG-26392]
Action.c(299): web_custom_request("AccountLogoutRequest") started  	[MsgId: MMSG-26355]
Action.c(299): web_custom_request("AccountLogoutRequest") was successful, 408 body bytes, 619 header bytes  	[MsgId: MMSG-26386]
Action.c(311): Notify: Transaction "UC02_TR04_Exit" ended with a "Pass" status (Duration: 0,4744 Wasted Time: 0,0190).
Action.c(312): Notify: Transaction "Logout" ended with a "Pass" status (Duration: 0,5063 Wasted Time: 0,0190).
Action.c(313): Notify: Transaction "UC02_View_products" ended with a "Pass" status (Duration: 11,2076 Wasted Time: 0,7364).
Ending action Action.
Ending iteration 2.
Ending Vuser...
Starting action vuser_end.
Ending action vuser_end.
Vuser Terminated.
