Start auto log messages stack - Iteration 2.	[MsgId: MMSG-10545]
Action.c(147): web_add_header("SOAPAction") was successful  	[MsgId: MMSG-26392]
Action.c(150): web_add_header("X-Requested-With") started  	[MsgId: MMSG-26355]
Action.c(150): web_add_header("X-Requested-With") was successful  	[MsgId: MMSG-26392]
Action.c(153): lr_think_time: 13,00 seconds.	[MsgId: MMSG-15948]
Action.c(158): web_reg_save_param started  	[MsgId: MMSG-26355]
Action.c(158): Registering web_reg_save_param was successful  	[MsgId: MMSG-26390]
Action.c(163): web_reg_save_param started  	[MsgId: MMSG-26355]
Action.c(163): Registering web_reg_save_param was successful  	[MsgId: MMSG-26390]
Action.c(168): web_custom_request("AccountLoginRequest") started  	[MsgId: MMSG-26355]
Action.c(168): Error -26377: No match found for the requested parameter "token". Either the specified boundaries were not found in the response or the matched text is longer than current max html parameter size of 256 bytes. The total length of the response is 409 bytes. You can use "web_set_max_html_param_len" to increase the max parameter size.  	[MsgId: MERR-26377]
End auto log messages stack.	[MsgId: MMSG-10544]


Start auto log messages stack - Iteration 2.	[MsgId: MMSG-10545]
Action.c(147): web_add_header("SOAPAction") was successful  	[MsgId: MMSG-26392]
Action.c(150): web_add_header("X-Requested-With") started  	[MsgId: MMSG-26355]
Action.c(150): web_add_header("X-Requested-With") was successful  	[MsgId: MMSG-26392]
Action.c(153): lr_think_time: 13,00 seconds.	[MsgId: MMSG-15948]
Action.c(158): web_reg_save_param started  	[MsgId: MMSG-26355]
Action.c(158): Registering web_reg_save_param was successful  	[MsgId: MMSG-26390]
Action.c(163): web_reg_save_param started  	[MsgId: MMSG-26355]
Action.c(163): Registering web_reg_save_param was successful  	[MsgId: MMSG-26390]
Action.c(168): web_custom_request("AccountLoginRequest") started  	[MsgId: MMSG-26355]
Action.c(168): Error -26377: No match found for the requested parameter "token". Either the specified boundaries were not found in the response or the matched text is longer than current max html parameter size of 256 bytes. The total length of the response is 409 bytes. You can use "web_set_max_html_param_len" to increase the max parameter size.  	[MsgId: MERR-26377]
End auto log messages stack.	[MsgId: MMSG-10544]


