Start auto log messages stack - Iteration 1.	[MsgId: MMSG-10545]
Action.c(237): web_url("shoppingCart.html") started  	[MsgId: MMSG-26355]
Action.c(237): Found resource "http://lt-dev.pflb.ru:8080/css/images/Master_credit.png" in HTML "http://lt-dev.pflb.ru:8080/app/views/shoppingCart.html"  	[MsgId: MMSG-26659]
Action.c(237): Found resource "http://lt-dev.pflb.ru:8080/css/images/SafePay.png" in HTML "http://lt-dev.pflb.ru:8080/app/views/shoppingCart.html"  	[MsgId: MMSG-26659]
Action.c(237): web_url("shoppingCart.html") was successful, 12141 body bytes, 805 header bytes  	[MsgId: MMSG-26386]
Action.c(247): Notify: Transaction "UC05_T02_go_to_orders" ended with a "Pass" status (Duration: 0,2102).	[MsgId: MMSG-16873]
Action.c(248): Notify: Transaction "Go_to_orders" ended with a "Pass" status (Duration: 0,2102).	[MsgId: MMSG-16873]
Action.c(250): lr_think_time: 40,00 seconds.	[MsgId: MMSG-15948]
Action.c(251): Notify: Transaction "Remove_products" started.	[MsgId: MMSG-16999]
Action.c(253): Notify: Transaction "UC05_T03_remove_products" started.	[MsgId: MMSG-16999]
Action.c(291): Error: Корзина пуста!	[MsgId: MERR-17999]
End auto log messages stack.	[MsgId: MMSG-10544]


Start auto log messages stack - Iteration 2.	[MsgId: MMSG-10545]
Action.c(237): web_url("shoppingCart.html") started  	[MsgId: MMSG-26355]
Action.c(237): Found resource "http://lt-dev.pflb.ru:8080/css/images/Master_credit.png" in HTML "http://lt-dev.pflb.ru:8080/app/views/shoppingCart.html"  	[MsgId: MMSG-26659]
Action.c(237): Found resource "http://lt-dev.pflb.ru:8080/css/images/SafePay.png" in HTML "http://lt-dev.pflb.ru:8080/app/views/shoppingCart.html"  	[MsgId: MMSG-26659]
Action.c(237): web_url("shoppingCart.html") was successful, 12141 body bytes, 805 header bytes  	[MsgId: MMSG-26386]
Action.c(247): Notify: Transaction "UC05_T02_go_to_orders" ended with a "Pass" status (Duration: 0,2022).	[MsgId: MMSG-16873]
Action.c(248): Notify: Transaction "Go_to_orders" ended with a "Pass" status (Duration: 0,2022).	[MsgId: MMSG-16873]
Action.c(250): lr_think_time: 40,00 seconds.	[MsgId: MMSG-15948]
Action.c(251): Notify: Transaction "Remove_products" started.	[MsgId: MMSG-16999]
Action.c(253): Notify: Transaction "UC05_T03_remove_products" started.	[MsgId: MMSG-16999]
Action.c(291): Error: Корзина пуста!	[MsgId: MERR-17999]
End auto log messages stack.	[MsgId: MMSG-10544]


Start auto log messages stack - Iteration 3.	[MsgId: MMSG-10545]
Action.c(237): web_url("shoppingCart.html") started  	[MsgId: MMSG-26355]
Action.c(237): Found resource "http://lt-dev.pflb.ru:8080/css/images/Master_credit.png" in HTML "http://lt-dev.pflb.ru:8080/app/views/shoppingCart.html"  	[MsgId: MMSG-26659]
Action.c(237): Found resource "http://lt-dev.pflb.ru:8080/css/images/SafePay.png" in HTML "http://lt-dev.pflb.ru:8080/app/views/shoppingCart.html"  	[MsgId: MMSG-26659]
Action.c(237): web_url("shoppingCart.html") was successful, 12141 body bytes, 805 header bytes  	[MsgId: MMSG-26386]
Action.c(247): Notify: Transaction "UC05_T02_go_to_orders" ended with a "Pass" status (Duration: 0,2015).	[MsgId: MMSG-16873]
Action.c(248): Notify: Transaction "Go_to_orders" ended with a "Pass" status (Duration: 0,2016).	[MsgId: MMSG-16873]
Action.c(250): lr_think_time: 40,00 seconds.	[MsgId: MMSG-15948]
Action.c(251): Notify: Transaction "Remove_products" started.	[MsgId: MMSG-16999]
Action.c(253): Notify: Transaction "UC05_T03_remove_products" started.	[MsgId: MMSG-16999]
Action.c(291): Error: Корзина пуста!	[MsgId: MERR-17999]
End auto log messages stack.	[MsgId: MMSG-10544]


Start auto log messages stack - Iteration 4.	[MsgId: MMSG-10545]
Action.c(237): web_url("shoppingCart.html") started  	[MsgId: MMSG-26355]
Action.c(237): Found resource "http://lt-dev.pflb.ru:8080/css/images/Master_credit.png" in HTML "http://lt-dev.pflb.ru:8080/app/views/shoppingCart.html"  	[MsgId: MMSG-26659]
Action.c(237): Found resource "http://lt-dev.pflb.ru:8080/css/images/SafePay.png" in HTML "http://lt-dev.pflb.ru:8080/app/views/shoppingCart.html"  	[MsgId: MMSG-26659]
Action.c(237): web_url("shoppingCart.html") was successful, 12141 body bytes, 805 header bytes  	[MsgId: MMSG-26386]
Action.c(247): Notify: Transaction "UC05_T02_go_to_orders" ended with a "Pass" status (Duration: 0,2464).	[MsgId: MMSG-16873]
Action.c(248): Notify: Transaction "Go_to_orders" ended with a "Pass" status (Duration: 0,2464).	[MsgId: MMSG-16873]
Action.c(250): lr_think_time: 40,00 seconds.	[MsgId: MMSG-15948]
Action.c(251): Notify: Transaction "Remove_products" started.	[MsgId: MMSG-16999]
Action.c(253): Notify: Transaction "UC05_T03_remove_products" started.	[MsgId: MMSG-16999]
Action.c(291): Error: Корзина пуста!	[MsgId: MERR-17999]
End auto log messages stack.	[MsgId: MMSG-10544]


Start auto log messages stack - Iteration 5.	[MsgId: MMSG-10545]
Action.c(237): web_url("shoppingCart.html") started  	[MsgId: MMSG-26355]
Action.c(237): Found resource "http://lt-dev.pflb.ru:8080/css/images/Master_credit.png" in HTML "http://lt-dev.pflb.ru:8080/app/views/shoppingCart.html"  	[MsgId: MMSG-26659]
Action.c(237): Found resource "http://lt-dev.pflb.ru:8080/css/images/SafePay.png" in HTML "http://lt-dev.pflb.ru:8080/app/views/shoppingCart.html"  	[MsgId: MMSG-26659]
Action.c(237): web_url("shoppingCart.html") was successful, 12141 body bytes, 805 header bytes  	[MsgId: MMSG-26386]
Action.c(247): Notify: Transaction "UC05_T02_go_to_orders" ended with a "Pass" status (Duration: 0,1625).	[MsgId: MMSG-16873]
Action.c(248): Notify: Transaction "Go_to_orders" ended with a "Pass" status (Duration: 0,1625).	[MsgId: MMSG-16873]
Action.c(250): lr_think_time: 40,00 seconds.	[MsgId: MMSG-15948]
Action.c(251): Notify: Transaction "Remove_products" started.	[MsgId: MMSG-16999]
Action.c(253): Notify: Transaction "UC05_T03_remove_products" started.	[MsgId: MMSG-16999]
Action.c(291): Error: Корзина пуста!	[MsgId: MERR-17999]
End auto log messages stack.	[MsgId: MMSG-10544]


Start auto log messages stack - Iteration 6.	[MsgId: MMSG-10545]
Action.c(237): web_url("shoppingCart.html") started  	[MsgId: MMSG-26355]
Action.c(237): Found resource "http://lt-dev.pflb.ru:8080/css/images/Master_credit.png" in HTML "http://lt-dev.pflb.ru:8080/app/views/shoppingCart.html"  	[MsgId: MMSG-26659]
Action.c(237): Found resource "http://lt-dev.pflb.ru:8080/css/images/SafePay.png" in HTML "http://lt-dev.pflb.ru:8080/app/views/shoppingCart.html"  	[MsgId: MMSG-26659]
Action.c(237): web_url("shoppingCart.html") was successful, 12141 body bytes, 805 header bytes  	[MsgId: MMSG-26386]
Action.c(247): Notify: Transaction "UC05_T02_go_to_orders" ended with a "Pass" status (Duration: 0,2033).	[MsgId: MMSG-16873]
Action.c(248): Notify: Transaction "Go_to_orders" ended with a "Pass" status (Duration: 0,2034).	[MsgId: MMSG-16873]
Action.c(250): lr_think_time: 40,00 seconds.	[MsgId: MMSG-15948]
Action.c(251): Notify: Transaction "Remove_products" started.	[MsgId: MMSG-16999]
Action.c(253): Notify: Transaction "UC05_T03_remove_products" started.	[MsgId: MMSG-16999]
Action.c(291): Error: Корзина пуста!	[MsgId: MERR-17999]
End auto log messages stack.	[MsgId: MMSG-10544]


Start auto log messages stack - Iteration 7.	[MsgId: MMSG-10545]
Action.c(237): web_url("shoppingCart.html") started  	[MsgId: MMSG-26355]
Action.c(237): Found resource "http://lt-dev.pflb.ru:8080/css/images/Master_credit.png" in HTML "http://lt-dev.pflb.ru:8080/app/views/shoppingCart.html"  	[MsgId: MMSG-26659]
Action.c(237): Found resource "http://lt-dev.pflb.ru:8080/css/images/SafePay.png" in HTML "http://lt-dev.pflb.ru:8080/app/views/shoppingCart.html"  	[MsgId: MMSG-26659]
Action.c(237): web_url("shoppingCart.html") was successful, 12141 body bytes, 805 header bytes  	[MsgId: MMSG-26386]
Action.c(247): Notify: Transaction "UC05_T02_go_to_orders" ended with a "Pass" status (Duration: 0,3103).	[MsgId: MMSG-16873]
Action.c(248): Notify: Transaction "Go_to_orders" ended with a "Pass" status (Duration: 0,3104).	[MsgId: MMSG-16873]
Action.c(250): lr_think_time: 40,00 seconds.	[MsgId: MMSG-15948]
Action.c(251): Notify: Transaction "Remove_products" started.	[MsgId: MMSG-16999]
Action.c(253): Notify: Transaction "UC05_T03_remove_products" started.	[MsgId: MMSG-16999]
Action.c(291): Error: Корзина пуста!	[MsgId: MERR-17999]
End auto log messages stack.	[MsgId: MMSG-10544]


